[1.799s] Invoking command in '/Users/calvingott/experience_lab/experience-lab-data-F23/ros2/src/keystroke_input': CONDA_PROMPT_MODIFIER=(experience-lab) PYTHONPATH=/Users/calvingott/experience_lab/experience-lab-data-F23/ros2/build/keystroke_input/prefix_override:/Users/calvingott/experience_lab/experience-lab-data-F23/ros2/install/keystroke_input/lib/python3.10/site-packages:${PYTHONPATH} SHLVL=2 _=/usr/bin/env /usr/local/Caskroom/miniforge/base/envs/experience-lab/bin/python3.10 setup.py egg_info --egg-base ../../build/keystroke_input build --build-base /Users/calvingott/experience_lab/experience-lab-data-F23/ros2/build/keystroke_input/build install --record /Users/calvingott/experience_lab/experience-lab-data-F23/ros2/build/keystroke_input/install.log --single-version-externally-managed
[2.302s] running egg_info
[2.303s] creating ../../build/keystroke_input/keystroke_input.egg-info
[2.304s] writing ../../build/keystroke_input/keystroke_input.egg-info/PKG-INFO
[2.305s] writing dependency_links to ../../build/keystroke_input/keystroke_input.egg-info/dependency_links.txt
[2.307s] writing entry points to ../../build/keystroke_input/keystroke_input.egg-info/entry_points.txt
[2.307s] writing requirements to ../../build/keystroke_input/keystroke_input.egg-info/requires.txt
[2.308s] writing top-level names to ../../build/keystroke_input/keystroke_input.egg-info/top_level.txt
[2.308s] writing manifest file '../../build/keystroke_input/keystroke_input.egg-info/SOURCES.txt'
[2.311s] reading manifest file '../../build/keystroke_input/keystroke_input.egg-info/SOURCES.txt'
[2.314s] writing manifest file '../../build/keystroke_input/keystroke_input.egg-info/SOURCES.txt'
[2.315s] running build
[2.315s] running build_py
[2.316s] creating /Users/calvingott/experience_lab/experience-lab-data-F23/ros2/build/keystroke_input/build
[2.316s] creating /Users/calvingott/experience_lab/experience-lab-data-F23/ros2/build/keystroke_input/build/lib
[2.317s] creating /Users/calvingott/experience_lab/experience-lab-data-F23/ros2/build/keystroke_input/build/lib/keystroke_input
[2.317s] copying keystroke_input/keystroke_publisher.py -> /Users/calvingott/experience_lab/experience-lab-data-F23/ros2/build/keystroke_input/build/lib/keystroke_input
[2.317s] copying keystroke_input/__init__.py -> /Users/calvingott/experience_lab/experience-lab-data-F23/ros2/build/keystroke_input/build/lib/keystroke_input
[2.318s] copying keystroke_input/keystroke_listener.py -> /Users/calvingott/experience_lab/experience-lab-data-F23/ros2/build/keystroke_input/build/lib/keystroke_input
[2.319s] running install
[2.319s] running install_lib
[2.321s] creating /Users/calvingott/experience_lab/experience-lab-data-F23/ros2/install/keystroke_input/lib/python3.10/site-packages/keystroke_input
[2.322s] copying /Users/calvingott/experience_lab/experience-lab-data-F23/ros2/build/keystroke_input/build/lib/keystroke_input/keystroke_publisher.py -> /Users/calvingott/experience_lab/experience-lab-data-F23/ros2/install/keystroke_input/lib/python3.10/site-packages/keystroke_input
[2.322s] copying /Users/calvingott/experience_lab/experience-lab-data-F23/ros2/build/keystroke_input/build/lib/keystroke_input/__init__.py -> /Users/calvingott/experience_lab/experience-lab-data-F23/ros2/install/keystroke_input/lib/python3.10/site-packages/keystroke_input
[2.323s] copying /Users/calvingott/experience_lab/experience-lab-data-F23/ros2/build/keystroke_input/build/lib/keystroke_input/keystroke_listener.py -> /Users/calvingott/experience_lab/experience-lab-data-F23/ros2/install/keystroke_input/lib/python3.10/site-packages/keystroke_input
[2.325s] byte-compiling /Users/calvingott/experience_lab/experience-lab-data-F23/ros2/install/keystroke_input/lib/python3.10/site-packages/keystroke_input/keystroke_publisher.py to keystroke_publisher.cpython-310.pyc
[2.327s] byte-compiling /Users/calvingott/experience_lab/experience-lab-data-F23/ros2/install/keystroke_input/lib/python3.10/site-packages/keystroke_input/__init__.py to __init__.cpython-310.pyc
[2.328s] byte-compiling /Users/calvingott/experience_lab/experience-lab-data-F23/ros2/install/keystroke_input/lib/python3.10/site-packages/keystroke_input/keystroke_listener.py to keystroke_listener.cpython-310.pyc
[2.329s] running install_data
[2.331s] creating /Users/calvingott/experience_lab/experience-lab-data-F23/ros2/install/keystroke_input/share/ament_index
[2.331s] creating /Users/calvingott/experience_lab/experience-lab-data-F23/ros2/install/keystroke_input/share/ament_index/resource_index
[2.332s] creating /Users/calvingott/experience_lab/experience-lab-data-F23/ros2/install/keystroke_input/share/ament_index/resource_index/packages
[2.332s] copying resource/keystroke_input -> /Users/calvingott/experience_lab/experience-lab-data-F23/ros2/install/keystroke_input/share/ament_index/resource_index/packages
[2.332s] copying package.xml -> /Users/calvingott/experience_lab/experience-lab-data-F23/ros2/install/keystroke_input/share/keystroke_input
[2.333s] running install_egg_info
[2.337s] Copying ../../build/keystroke_input/keystroke_input.egg-info to /Users/calvingott/experience_lab/experience-lab-data-F23/ros2/install/keystroke_input/lib/python3.10/site-packages/keystroke_input-0.0.0-py3.10.egg-info
[2.344s] running install_scripts
[2.417s] Installing keystroke_listener script to /Users/calvingott/experience_lab/experience-lab-data-F23/ros2/install/keystroke_input/lib/keystroke_input
[2.418s] Installing keystroke_publisher script to /Users/calvingott/experience_lab/experience-lab-data-F23/ros2/install/keystroke_input/lib/keystroke_input
[2.419s] writing list of installed files to '/Users/calvingott/experience_lab/experience-lab-data-F23/ros2/build/keystroke_input/install.log'
[2.583s] Invoked command in '/Users/calvingott/experience_lab/experience-lab-data-F23/ros2/src/keystroke_input' returned '0': CONDA_PROMPT_MODIFIER=(experience-lab) PYTHONPATH=/Users/calvingott/experience_lab/experience-lab-data-F23/ros2/build/keystroke_input/prefix_override:/Users/calvingott/experience_lab/experience-lab-data-F23/ros2/install/keystroke_input/lib/python3.10/site-packages:${PYTHONPATH} SHLVL=2 _=/usr/bin/env /usr/local/Caskroom/miniforge/base/envs/experience-lab/bin/python3.10 setup.py egg_info --egg-base ../../build/keystroke_input build --build-base /Users/calvingott/experience_lab/experience-lab-data-F23/ros2/build/keystroke_input/build install --record /Users/calvingott/experience_lab/experience-lab-data-F23/ros2/build/keystroke_input/install.log --single-version-externally-managed
