[0.252s] Invoking command in '/Users/calvingott/experience_lab/experience-lab-data-F23/ros/src/build/fake_data_generator': CONDA_PROMPT_MODIFIER=(experience-lab) SHLVL=2 _=/usr/bin/env /usr/local/Caskroom/miniforge/base/envs/experience-lab/bin/cmake /Users/calvingott/experience_lab/experience-lab-data-F23/ros/src/fake_data_generator -DCATKIN_INSTALL_INTO_PREFIX_ROOT=0 -DCMAKE_INSTALL_PREFIX=/Users/calvingott/experience_lab/experience-lab-data-F23/ros/src/install/fake_data_generator
[2.246s] CMake Deprecation Warning at CMakeLists.txt:1 (cmake_minimum_required):
[2.246s]   Compatibility with CMake < 2.8.12 will be removed from a future version of
[2.247s]   CMake.
[2.247s] 
[2.247s]   Update the VERSION argument <min> value or use a ...<max> suffix to tell
[2.247s]   CMake that the project does not need compatibility with older versions.
[2.247s] 
[2.248s] 
[3.890s] -- The C compiler identification is AppleClang 14.0.3.14030022
[4.393s] -- The CXX compiler identification is AppleClang 14.0.3.14030022
[4.439s] -- Detecting C compiler ABI info
[5.366s] -- Detecting C compiler ABI info - done
[5.398s] -- Check for working C compiler: /Library/Developer/CommandLineTools/usr/bin/cc - skipped
[5.401s] -- Detecting C compile features
[5.404s] -- Detecting C compile features - done
[5.445s] -- Detecting CXX compiler ABI info
[6.379s] -- Detecting CXX compiler ABI info - done
[6.410s] -- Check for working CXX compiler: /Library/Developer/CommandLineTools/usr/bin/c++ - skipped
[6.411s] -- Detecting CXX compile features
[6.413s] -- Detecting CXX compile features - done
[6.648s] CMake Error at CMakeLists.txt:7 (find_package):
[6.648s]   By not providing "Findcatkin.cmake" in CMAKE_MODULE_PATH this project has
[6.649s]   asked CMake to find a package configuration file provided by "catkin", but
[6.649s]   CMake did not find one.
[6.649s] 
[6.649s]   Could not find a package configuration file provided by "catkin" with any
[6.649s]   of the following names:
[6.658s] 
[6.659s]     catkinConfig.cmake
[6.660s]     catkin-config.cmake
[6.660s] 
[6.660s]   Add the installation prefix of "catkin" to CMAKE_PREFIX_PATH or set
[6.660s]   "catkin_DIR" to a directory containing one of the above files.  If "catkin"
[6.660s]   provides a separate development package or SDK, be sure it has been
[6.661s]   installed.
[6.661s] 
[6.663s] 
[6.671s] -- Configuring incomplete, errors occurred!
[6.730s] Invoked command in '/Users/calvingott/experience_lab/experience-lab-data-F23/ros/src/build/fake_data_generator' returned '1': CONDA_PROMPT_MODIFIER=(experience-lab) SHLVL=2 _=/usr/bin/env /usr/local/Caskroom/miniforge/base/envs/experience-lab/bin/cmake /Users/calvingott/experience_lab/experience-lab-data-F23/ros/src/fake_data_generator -DCATKIN_INSTALL_INTO_PREFIX_ROOT=0 -DCMAKE_INSTALL_PREFIX=/Users/calvingott/experience_lab/experience-lab-data-F23/ros/src/install/fake_data_generator
