running egg_info
creating ../build/hello_world/hello_world.egg-info
writing ../build/hello_world/hello_world.egg-info/PKG-INFO
writing dependency_links to ../build/hello_world/hello_world.egg-info/dependency_links.txt
writing entry points to ../build/hello_world/hello_world.egg-info/entry_points.txt
writing requirements to ../build/hello_world/hello_world.egg-info/requires.txt
writing top-level names to ../build/hello_world/hello_world.egg-info/top_level.txt
writing manifest file '../build/hello_world/hello_world.egg-info/SOURCES.txt'
reading manifest file '../build/hello_world/hello_world.egg-info/SOURCES.txt'
writing manifest file '../build/hello_world/hello_world.egg-info/SOURCES.txt'
running build
running build_py
creating /Users/calvingott/experience_lab/experience-lab-data-F23/ros2/src/build/hello_world/build
creating /Users/calvingott/experience_lab/experience-lab-data-F23/ros2/src/build/hello_world/build/lib
creating /Users/calvingott/experience_lab/experience-lab-data-F23/ros2/src/build/hello_world/build/lib/hello_world
copying hello_world/my_first_node.py -> /Users/calvingott/experience_lab/experience-lab-data-F23/ros2/src/build/hello_world/build/lib/hello_world
copying hello_world/__init__.py -> /Users/calvingott/experience_lab/experience-lab-data-F23/ros2/src/build/hello_world/build/lib/hello_world
running install
running install_lib
creating /Users/calvingott/experience_lab/experience-lab-data-F23/ros2/src/install/hello_world/lib/python3.10/site-packages/hello_world
copying /Users/calvingott/experience_lab/experience-lab-data-F23/ros2/src/build/hello_world/build/lib/hello_world/my_first_node.py -> /Users/calvingott/experience_lab/experience-lab-data-F23/ros2/src/install/hello_world/lib/python3.10/site-packages/hello_world
copying /Users/calvingott/experience_lab/experience-lab-data-F23/ros2/src/build/hello_world/build/lib/hello_world/__init__.py -> /Users/calvingott/experience_lab/experience-lab-data-F23/ros2/src/install/hello_world/lib/python3.10/site-packages/hello_world
byte-compiling /Users/calvingott/experience_lab/experience-lab-data-F23/ros2/src/install/hello_world/lib/python3.10/site-packages/hello_world/my_first_node.py to my_first_node.cpython-310.pyc
byte-compiling /Users/calvingott/experience_lab/experience-lab-data-F23/ros2/src/install/hello_world/lib/python3.10/site-packages/hello_world/__init__.py to __init__.cpython-310.pyc
running install_data
creating /Users/calvingott/experience_lab/experience-lab-data-F23/ros2/src/install/hello_world/share/ament_index
creating /Users/calvingott/experience_lab/experience-lab-data-F23/ros2/src/install/hello_world/share/ament_index/resource_index
creating /Users/calvingott/experience_lab/experience-lab-data-F23/ros2/src/install/hello_world/share/ament_index/resource_index/packages
copying resource/hello_world -> /Users/calvingott/experience_lab/experience-lab-data-F23/ros2/src/install/hello_world/share/ament_index/resource_index/packages
copying package.xml -> /Users/calvingott/experience_lab/experience-lab-data-F23/ros2/src/install/hello_world/share/hello_world
running install_egg_info
Copying ../build/hello_world/hello_world.egg-info to /Users/calvingott/experience_lab/experience-lab-data-F23/ros2/src/install/hello_world/lib/python3.10/site-packages/hello_world-0.0.0-py3.10.egg-info
running install_scripts
Installing test_node script to /Users/calvingott/experience_lab/experience-lab-data-F23/ros2/src/install/hello_world/lib/hello_world
writing list of installed files to '/Users/calvingott/experience_lab/experience-lab-data-F23/ros2/src/build/hello_world/install.log'
