[2.046s] Invoking command in '/Users/calvingott/experience_lab/experience-lab-data-F23/ros2/src/hello_world': CONDA_PROMPT_MODIFIER=(experience-lab) PYTHONPATH=/Users/calvingott/experience_lab/experience-lab-data-F23/ros2/src/build/hello_world/prefix_override:/Users/calvingott/experience_lab/experience-lab-data-F23/ros2/src/install/hello_world/lib/python3.10/site-packages:${PYTHONPATH} SHLVL=2 _=/usr/bin/env /usr/local/Caskroom/miniforge/base/envs/experience-lab/bin/python3.10 setup.py egg_info --egg-base ../build/hello_world build --build-base /Users/calvingott/experience_lab/experience-lab-data-F23/ros2/src/build/hello_world/build install --record /Users/calvingott/experience_lab/experience-lab-data-F23/ros2/src/build/hello_world/install.log --single-version-externally-managed
[2.557s] running egg_info
[2.558s] creating ../build/hello_world/hello_world.egg-info
[2.558s] writing ../build/hello_world/hello_world.egg-info/PKG-INFO
[2.559s] writing dependency_links to ../build/hello_world/hello_world.egg-info/dependency_links.txt
[2.559s] writing entry points to ../build/hello_world/hello_world.egg-info/entry_points.txt
[2.560s] writing requirements to ../build/hello_world/hello_world.egg-info/requires.txt
[2.560s] writing top-level names to ../build/hello_world/hello_world.egg-info/top_level.txt
[2.560s] writing manifest file '../build/hello_world/hello_world.egg-info/SOURCES.txt'
[2.564s] reading manifest file '../build/hello_world/hello_world.egg-info/SOURCES.txt'
[2.567s] writing manifest file '../build/hello_world/hello_world.egg-info/SOURCES.txt'
[2.568s] running build
[2.568s] running build_py
[2.568s] creating /Users/calvingott/experience_lab/experience-lab-data-F23/ros2/src/build/hello_world/build
[2.569s] creating /Users/calvingott/experience_lab/experience-lab-data-F23/ros2/src/build/hello_world/build/lib
[2.569s] creating /Users/calvingott/experience_lab/experience-lab-data-F23/ros2/src/build/hello_world/build/lib/hello_world
[2.569s] copying hello_world/my_first_node.py -> /Users/calvingott/experience_lab/experience-lab-data-F23/ros2/src/build/hello_world/build/lib/hello_world
[2.570s] copying hello_world/__init__.py -> /Users/calvingott/experience_lab/experience-lab-data-F23/ros2/src/build/hello_world/build/lib/hello_world
[2.572s] running install
[2.573s] running install_lib
[2.573s] creating /Users/calvingott/experience_lab/experience-lab-data-F23/ros2/src/install/hello_world/lib/python3.10/site-packages/hello_world
[2.574s] copying /Users/calvingott/experience_lab/experience-lab-data-F23/ros2/src/build/hello_world/build/lib/hello_world/my_first_node.py -> /Users/calvingott/experience_lab/experience-lab-data-F23/ros2/src/install/hello_world/lib/python3.10/site-packages/hello_world
[2.574s] copying /Users/calvingott/experience_lab/experience-lab-data-F23/ros2/src/build/hello_world/build/lib/hello_world/__init__.py -> /Users/calvingott/experience_lab/experience-lab-data-F23/ros2/src/install/hello_world/lib/python3.10/site-packages/hello_world
[2.576s] byte-compiling /Users/calvingott/experience_lab/experience-lab-data-F23/ros2/src/install/hello_world/lib/python3.10/site-packages/hello_world/my_first_node.py to my_first_node.cpython-310.pyc
[2.579s] byte-compiling /Users/calvingott/experience_lab/experience-lab-data-F23/ros2/src/install/hello_world/lib/python3.10/site-packages/hello_world/__init__.py to __init__.cpython-310.pyc
[2.580s] running install_data
[2.581s] creating /Users/calvingott/experience_lab/experience-lab-data-F23/ros2/src/install/hello_world/share/ament_index
[2.581s] creating /Users/calvingott/experience_lab/experience-lab-data-F23/ros2/src/install/hello_world/share/ament_index/resource_index
[2.582s] creating /Users/calvingott/experience_lab/experience-lab-data-F23/ros2/src/install/hello_world/share/ament_index/resource_index/packages
[2.582s] copying resource/hello_world -> /Users/calvingott/experience_lab/experience-lab-data-F23/ros2/src/install/hello_world/share/ament_index/resource_index/packages
[2.583s] copying package.xml -> /Users/calvingott/experience_lab/experience-lab-data-F23/ros2/src/install/hello_world/share/hello_world
[2.583s] running install_egg_info
[2.587s] Copying ../build/hello_world/hello_world.egg-info to /Users/calvingott/experience_lab/experience-lab-data-F23/ros2/src/install/hello_world/lib/python3.10/site-packages/hello_world-0.0.0-py3.10.egg-info
[2.594s] running install_scripts
[2.661s] Installing test_node script to /Users/calvingott/experience_lab/experience-lab-data-F23/ros2/src/install/hello_world/lib/hello_world
[2.663s] writing list of installed files to '/Users/calvingott/experience_lab/experience-lab-data-F23/ros2/src/build/hello_world/install.log'
[2.747s] Invoked command in '/Users/calvingott/experience_lab/experience-lab-data-F23/ros2/src/hello_world' returned '0': CONDA_PROMPT_MODIFIER=(experience-lab) PYTHONPATH=/Users/calvingott/experience_lab/experience-lab-data-F23/ros2/src/build/hello_world/prefix_override:/Users/calvingott/experience_lab/experience-lab-data-F23/ros2/src/install/hello_world/lib/python3.10/site-packages:${PYTHONPATH} SHLVL=2 _=/usr/bin/env /usr/local/Caskroom/miniforge/base/envs/experience-lab/bin/python3.10 setup.py egg_info --egg-base ../build/hello_world build --build-base /Users/calvingott/experience_lab/experience-lab-data-F23/ros2/src/build/hello_world/build install --record /Users/calvingott/experience_lab/experience-lab-data-F23/ros2/src/build/hello_world/install.log --single-version-externally-managed
