[0.280s] Invoking command in '/Users/calvingott/experience_lab/experience-lab-data-F23/ros/src/build/bag_tools': CONDA_PROMPT_MODIFIER=(experience-lab) SHLVL=2 _=/usr/bin/env /usr/local/Caskroom/miniforge/base/envs/experience-lab/bin/cmake /Users/calvingott/experience_lab/experience-lab-data-F23/ros/src/bag_tools -DCATKIN_INSTALL_INTO_PREFIX_ROOT=0 -DCMAKE_INSTALL_PREFIX=/Users/calvingott/experience_lab/experience-lab-data-F23/ros/src/install/bag_tools
[2.317s] CMake Deprecation Warning at CMakeLists.txt:1 (cmake_minimum_required):
[2.317s]   Compatibility with CMake < 2.8.12 will be removed from a future version of
[2.317s]   CMake.
[2.317s] 
[2.317s]   Update the VERSION argument <min> value or use a ...<max> suffix to tell
[2.318s]   CMake that the project does not need compatibility with older versions.
[2.318s] 
[2.318s] 
[3.943s] -- The C compiler identification is AppleClang 14.0.3.14030022
[4.460s] -- The CXX compiler identification is AppleClang 14.0.3.14030022
[4.514s] -- Detecting C compiler ABI info
[5.456s] -- Detecting C compiler ABI info - done
[5.481s] -- Check for working C compiler: /Library/Developer/CommandLineTools/usr/bin/cc - skipped
[5.482s] -- Detecting C compile features
[5.484s] -- Detecting C compile features - done
[5.513s] -- Detecting CXX compiler ABI info
[6.456s] -- Detecting CXX compiler ABI info - done
[6.479s] -- Check for working CXX compiler: /Library/Developer/CommandLineTools/usr/bin/c++ - skipped
[6.481s] -- Detecting CXX compile features
[6.483s] -- Detecting CXX compile features - done
[6.711s] CMake Error at CMakeLists.txt:7 (find_package):
[6.712s]   By not providing "Findcatkin.cmake" in CMAKE_MODULE_PATH this project has
[6.712s]   asked CMake to find a package configuration file provided by "catkin", but
[6.712s]   CMake did not find one.
[6.712s] 
[6.713s]   Could not find a package configuration file provided by "catkin" with any
[6.713s]   of the following names:
[6.713s] 
[6.713s]     catkinConfig.cmake
[6.713s]     catkin-config.cmake
[6.715s] 
[6.720s]   Add the installation prefix of "catkin" to CMAKE_PREFIX_PATH or set
[6.724s]   "catkin_DIR" to a directory containing one of the above files.  If "catkin"
[6.724s]   provides a separate development package or SDK, be sure it has been
[6.724s]   installed.
[6.724s] 
[6.725s] 
[6.745s] -- Configuring incomplete, errors occurred!
[6.765s] Invoked command in '/Users/calvingott/experience_lab/experience-lab-data-F23/ros/src/build/bag_tools' returned '1': CONDA_PROMPT_MODIFIER=(experience-lab) SHLVL=2 _=/usr/bin/env /usr/local/Caskroom/miniforge/base/envs/experience-lab/bin/cmake /Users/calvingott/experience_lab/experience-lab-data-F23/ros/src/bag_tools -DCATKIN_INSTALL_INTO_PREFIX_ROOT=0 -DCMAKE_INSTALL_PREFIX=/Users/calvingott/experience_lab/experience-lab-data-F23/ros/src/install/bag_tools
