[1.503s] Invoking command in '/Users/calvingott/experience_lab/experience-lab-data-F23/ros2/src/hello_world': CONDA_PROMPT_MODIFIER=(experience-lab) PYTHONPATH=/Users/calvingott/experience_lab/experience-lab-data-F23/ros2/build/hello_world/prefix_override:/Users/calvingott/experience_lab/experience-lab-data-F23/ros2/install/hello_world/lib/python3.10/site-packages:${PYTHONPATH} SHLVL=2 _=/usr/bin/env /usr/local/Caskroom/miniforge/base/envs/experience-lab/bin/python3.10 setup.py egg_info --egg-base ../../build/hello_world build --build-base /Users/calvingott/experience_lab/experience-lab-data-F23/ros2/build/hello_world/build install --record /Users/calvingott/experience_lab/experience-lab-data-F23/ros2/build/hello_world/install.log --single-version-externally-managed
[1.982s] running egg_info
[1.983s] writing ../../build/hello_world/hello_world.egg-info/PKG-INFO
[1.984s] writing dependency_links to ../../build/hello_world/hello_world.egg-info/dependency_links.txt
[1.984s] writing entry points to ../../build/hello_world/hello_world.egg-info/entry_points.txt
[1.984s] writing requirements to ../../build/hello_world/hello_world.egg-info/requires.txt
[1.985s] writing top-level names to ../../build/hello_world/hello_world.egg-info/top_level.txt
[1.988s] reading manifest file '../../build/hello_world/hello_world.egg-info/SOURCES.txt'
[1.990s] writing manifest file '../../build/hello_world/hello_world.egg-info/SOURCES.txt'
[1.990s] running build
[1.990s] running build_py
[1.990s] copying hello_world/my_first_node.py -> /Users/calvingott/experience_lab/experience-lab-data-F23/ros2/build/hello_world/build/lib/hello_world
[1.991s] running install
[1.991s] running install_lib
[1.993s] copying /Users/calvingott/experience_lab/experience-lab-data-F23/ros2/build/hello_world/build/lib/hello_world/my_first_node.py -> /Users/calvingott/experience_lab/experience-lab-data-F23/ros2/install/hello_world/lib/python3.10/site-packages/hello_world
[1.994s] byte-compiling /Users/calvingott/experience_lab/experience-lab-data-F23/ros2/install/hello_world/lib/python3.10/site-packages/hello_world/my_first_node.py to my_first_node.cpython-310.pyc
[1.995s] running install_data
[1.996s] running install_egg_info
[1.999s] removing '/Users/calvingott/experience_lab/experience-lab-data-F23/ros2/install/hello_world/lib/python3.10/site-packages/hello_world-0.0.0-py3.10.egg-info' (and everything under it)
[2.000s] Copying ../../build/hello_world/hello_world.egg-info to /Users/calvingott/experience_lab/experience-lab-data-F23/ros2/install/hello_world/lib/python3.10/site-packages/hello_world-0.0.0-py3.10.egg-info
[2.007s] running install_scripts
[2.062s] Installing test_node script to /Users/calvingott/experience_lab/experience-lab-data-F23/ros2/install/hello_world/lib/hello_world
[2.063s] writing list of installed files to '/Users/calvingott/experience_lab/experience-lab-data-F23/ros2/build/hello_world/install.log'
[2.116s] Invoked command in '/Users/calvingott/experience_lab/experience-lab-data-F23/ros2/src/hello_world' returned '0': CONDA_PROMPT_MODIFIER=(experience-lab) PYTHONPATH=/Users/calvingott/experience_lab/experience-lab-data-F23/ros2/build/hello_world/prefix_override:/Users/calvingott/experience_lab/experience-lab-data-F23/ros2/install/hello_world/lib/python3.10/site-packages:${PYTHONPATH} SHLVL=2 _=/usr/bin/env /usr/local/Caskroom/miniforge/base/envs/experience-lab/bin/python3.10 setup.py egg_info --egg-base ../../build/hello_world build --build-base /Users/calvingott/experience_lab/experience-lab-data-F23/ros2/build/hello_world/build install --record /Users/calvingott/experience_lab/experience-lab-data-F23/ros2/build/hello_world/install.log --single-version-externally-managed
