running egg_info
writing ../build/keystroke_input/keystroke_input.egg-info/PKG-INFO
writing dependency_links to ../build/keystroke_input/keystroke_input.egg-info/dependency_links.txt
writing entry points to ../build/keystroke_input/keystroke_input.egg-info/entry_points.txt
writing requirements to ../build/keystroke_input/keystroke_input.egg-info/requires.txt
writing top-level names to ../build/keystroke_input/keystroke_input.egg-info/top_level.txt
reading manifest file '../build/keystroke_input/keystroke_input.egg-info/SOURCES.txt'
writing manifest file '../build/keystroke_input/keystroke_input.egg-info/SOURCES.txt'
running build
running build_py
running install
running install_lib
running install_data
running install_egg_info
removing '/Users/calvingott/experience_lab/experience-lab-data-F23/ros2/src/install/keystroke_input/lib/python3.10/site-packages/keystroke_input-0.0.0-py3.10.egg-info' (and everything under it)
Copying ../build/keystroke_input/keystroke_input.egg-info to /Users/calvingott/experience_lab/experience-lab-data-F23/ros2/src/install/keystroke_input/lib/python3.10/site-packages/keystroke_input-0.0.0-py3.10.egg-info
running install_scripts
Installing keystroke_listener script to /Users/calvingott/experience_lab/experience-lab-data-F23/ros2/src/install/keystroke_input/lib/keystroke_input
Installing keystroke_publisher script to /Users/calvingott/experience_lab/experience-lab-data-F23/ros2/src/install/keystroke_input/lib/keystroke_input
writing list of installed files to '/Users/calvingott/experience_lab/experience-lab-data-F23/ros2/src/build/keystroke_input/install.log'
