[1.801s] Invoking command in '/Users/calvingott/experience_lab/experience-lab-data-F23/ros2/src/keystroke_input': CONDA_PROMPT_MODIFIER=(experience-lab) PYTHONPATH=/Users/calvingott/experience_lab/experience-lab-data-F23/ros2/src/build/keystroke_input/prefix_override:/Users/calvingott/experience_lab/experience-lab-data-F23/ros2/src/install/keystroke_input/lib/python3.10/site-packages:${PYTHONPATH} SHLVL=2 _=/usr/bin/env /usr/local/Caskroom/miniforge/base/envs/experience-lab/bin/python3.10 setup.py egg_info --egg-base ../build/keystroke_input build --build-base /Users/calvingott/experience_lab/experience-lab-data-F23/ros2/src/build/keystroke_input/build install --record /Users/calvingott/experience_lab/experience-lab-data-F23/ros2/src/build/keystroke_input/install.log --single-version-externally-managed
[2.351s] running egg_info
[2.352s] writing ../build/keystroke_input/keystroke_input.egg-info/PKG-INFO
[2.353s] writing dependency_links to ../build/keystroke_input/keystroke_input.egg-info/dependency_links.txt
[2.354s] writing entry points to ../build/keystroke_input/keystroke_input.egg-info/entry_points.txt
[2.354s] writing requirements to ../build/keystroke_input/keystroke_input.egg-info/requires.txt
[2.355s] writing top-level names to ../build/keystroke_input/keystroke_input.egg-info/top_level.txt
[2.360s] reading manifest file '../build/keystroke_input/keystroke_input.egg-info/SOURCES.txt'
[2.363s] writing manifest file '../build/keystroke_input/keystroke_input.egg-info/SOURCES.txt'
[2.363s] running build
[2.363s] running build_py
[2.365s] running install
[2.365s] running install_lib
[2.369s] running install_data
[2.371s] running install_egg_info
[2.377s] removing '/Users/calvingott/experience_lab/experience-lab-data-F23/ros2/src/install/keystroke_input/lib/python3.10/site-packages/keystroke_input-0.0.0-py3.10.egg-info' (and everything under it)
[2.379s] Copying ../build/keystroke_input/keystroke_input.egg-info to /Users/calvingott/experience_lab/experience-lab-data-F23/ros2/src/install/keystroke_input/lib/python3.10/site-packages/keystroke_input-0.0.0-py3.10.egg-info
[2.388s] running install_scripts
[2.453s] Installing keystroke_listener script to /Users/calvingott/experience_lab/experience-lab-data-F23/ros2/src/install/keystroke_input/lib/keystroke_input
[2.454s] Installing keystroke_publisher script to /Users/calvingott/experience_lab/experience-lab-data-F23/ros2/src/install/keystroke_input/lib/keystroke_input
[2.455s] writing list of installed files to '/Users/calvingott/experience_lab/experience-lab-data-F23/ros2/src/build/keystroke_input/install.log'
[2.618s] Invoked command in '/Users/calvingott/experience_lab/experience-lab-data-F23/ros2/src/keystroke_input' returned '0': CONDA_PROMPT_MODIFIER=(experience-lab) PYTHONPATH=/Users/calvingott/experience_lab/experience-lab-data-F23/ros2/src/build/keystroke_input/prefix_override:/Users/calvingott/experience_lab/experience-lab-data-F23/ros2/src/install/keystroke_input/lib/python3.10/site-packages:${PYTHONPATH} SHLVL=2 _=/usr/bin/env /usr/local/Caskroom/miniforge/base/envs/experience-lab/bin/python3.10 setup.py egg_info --egg-base ../build/keystroke_input build --build-base /Users/calvingott/experience_lab/experience-lab-data-F23/ros2/src/build/keystroke_input/build install --record /Users/calvingott/experience_lab/experience-lab-data-F23/ros2/src/build/keystroke_input/install.log --single-version-externally-managed
