[1.796s] [34mcolcon[0m [1;30mDEBUG[0m [32mCommand line arguments: ['/usr/local/Caskroom/miniforge/base/envs/experience-lab/bin/colcon', 'build', '--packages-select', 'keystroke_input'][0m
[1.796s] [34mcolcon[0m [1;30mDEBUG[0m [32mParsed command line arguments: Namespace(log_base=None, log_level=None, verb_name='build', build_base='build', install_base='install', merge_install=False, symlink_install=False, test_result_base=None, continue_on_error=False, executor='parallel', parallel_workers=8, event_handlers=None, ignore_user_meta=False, metas=['./colcon.meta'], base_paths=['.'], packages_ignore=None, packages_ignore_regex=None, paths=None, packages_up_to=None, packages_up_to_regex=None, packages_above=None, packages_above_and_dependencies=None, packages_above_depth=None, packages_select_by_dep=None, packages_skip_by_dep=None, packages_skip_up_to=None, packages_select_build_failed=False, packages_skip_build_finished=False, packages_select_test_failures=False, packages_skip_test_passed=False, packages_select=['keystroke_input'], packages_skip=None, packages_select_regex=None, packages_skip_regex=None, packages_start=None, packages_end=None, cmake_args=None, cmake_target=None, cmake_target_skip_unavailable=False, cmake_clean_cache=False, cmake_clean_first=False, cmake_force_configure=False, ament_cmake_args=None, catkin_cmake_args=None, catkin_skip_building_tests=False, verb_parser=<colcon_defaults.argument_parser.defaults.DefaultArgumentsDecorator object at 0x10237c580>, verb_extension=<colcon_core.verb.build.BuildVerb object at 0x10234bfd0>, main=<bound method BuildVerb.main of <colcon_core.verb.build.BuildVerb object at 0x10234bfd0>>)[0m
[1.931s] [34mcolcon.colcon_core.package_discovery[0m [1;30mLevel 1[0m discover_packages(colcon_meta) check parameters
[1.931s] [34mcolcon.colcon_core.package_discovery[0m [1;30mLevel 1[0m discover_packages(recursive) check parameters
[1.932s] [34mcolcon.colcon_core.package_discovery[0m [1;30mLevel 1[0m discover_packages(ignore) check parameters
[1.932s] [34mcolcon.colcon_core.package_discovery[0m [1;30mLevel 1[0m discover_packages(path) check parameters
[1.932s] [34mcolcon.colcon_core.package_discovery[0m [1;30mLevel 1[0m discover_packages(colcon_meta) discover
[1.932s] [34mcolcon.colcon_core.package_discovery[0m [1;30mLevel 1[0m discover_packages(recursive) discover
[1.932s] [34mcolcon.colcon_core.package_discovery[0m [1;30mINFO[0m Crawling recursively for packages in '/Users/calvingott/experience_lab/experience-lab-data-F23/ros2'
[1.932s] [34mcolcon.colcon_core.package_identification[0m [1;30mLevel 1[0m _identify(.) by extensions ['ignore', 'ignore_ament_install']
[1.932s] [34mcolcon.colcon_core.package_identification[0m [1;30mLevel 1[0m _identify(.) by extension 'ignore'
[1.932s] [34mcolcon.colcon_core.package_identification[0m [1;30mLevel 1[0m _identify(.) by extension 'ignore_ament_install'
[1.932s] [34mcolcon.colcon_core.package_identification[0m [1;30mLevel 1[0m _identify(.) by extensions ['colcon_pkg']
[1.933s] [34mcolcon.colcon_core.package_identification[0m [1;30mLevel 1[0m _identify(.) by extension 'colcon_pkg'
[1.933s] [34mcolcon.colcon_core.package_identification[0m [1;30mLevel 1[0m _identify(.) by extensions ['colcon_meta']
[1.933s] [34mcolcon.colcon_core.package_identification[0m [1;30mLevel 1[0m _identify(.) by extension 'colcon_meta'
[1.933s] [34mcolcon.colcon_core.package_identification[0m [1;30mLevel 1[0m _identify(.) by extensions ['ros']
[1.933s] [34mcolcon.colcon_core.package_identification[0m [1;30mLevel 1[0m _identify(.) by extension 'ros'
[1.987s] [34mcolcon.colcon_core.package_identification[0m [1;30mLevel 1[0m _identify(.) by extensions ['cmake', 'python']
[1.987s] [34mcolcon.colcon_core.package_identification[0m [1;30mLevel 1[0m _identify(.) by extension 'cmake'
[1.987s] [34mcolcon.colcon_core.package_identification[0m [1;30mLevel 1[0m _identify(.) by extension 'python'
[1.987s] [34mcolcon.colcon_core.package_identification[0m [1;30mLevel 1[0m _identify(.) by extensions ['python_setup_py']
[1.987s] [34mcolcon.colcon_core.package_identification[0m [1;30mLevel 1[0m _identify(.) by extension 'python_setup_py'
[1.988s] [34mcolcon.colcon_core.package_identification[0m [1;30mLevel 1[0m _identify(build) by extensions ['ignore', 'ignore_ament_install']
[1.988s] [34mcolcon.colcon_core.package_identification[0m [1;30mLevel 1[0m _identify(build) by extension 'ignore'
[1.988s] [34mcolcon.colcon_core.package_identification[0m [1;30mLevel 1[0m _identify(build) ignored
[1.988s] [34mcolcon.colcon_core.package_identification[0m [1;30mLevel 1[0m _identify(install) by extensions ['ignore', 'ignore_ament_install']
[1.989s] [34mcolcon.colcon_core.package_identification[0m [1;30mLevel 1[0m _identify(install) by extension 'ignore'
[1.989s] [34mcolcon.colcon_core.package_identification[0m [1;30mLevel 1[0m _identify(install) ignored
[1.989s] [34mcolcon.colcon_core.package_identification[0m [1;30mLevel 1[0m _identify(log) by extensions ['ignore', 'ignore_ament_install']
[1.989s] [34mcolcon.colcon_core.package_identification[0m [1;30mLevel 1[0m _identify(log) by extension 'ignore'
[1.989s] [34mcolcon.colcon_core.package_identification[0m [1;30mLevel 1[0m _identify(log) ignored
[1.989s] [34mcolcon.colcon_core.package_identification[0m [1;30mLevel 1[0m _identify(rosdep) by extensions ['ignore', 'ignore_ament_install']
[1.990s] [34mcolcon.colcon_core.package_identification[0m [1;30mLevel 1[0m _identify(rosdep) by extension 'ignore'
[1.990s] [34mcolcon.colcon_core.package_identification[0m [1;30mLevel 1[0m _identify(rosdep) by extension 'ignore_ament_install'
[1.990s] [34mcolcon.colcon_core.package_identification[0m [1;30mLevel 1[0m _identify(rosdep) by extensions ['colcon_pkg']
[1.990s] [34mcolcon.colcon_core.package_identification[0m [1;30mLevel 1[0m _identify(rosdep) by extension 'colcon_pkg'
[1.990s] [34mcolcon.colcon_core.package_identification[0m [1;30mLevel 1[0m _identify(rosdep) by extensions ['colcon_meta']
[1.990s] [34mcolcon.colcon_core.package_identification[0m [1;30mLevel 1[0m _identify(rosdep) by extension 'colcon_meta'
[1.990s] [34mcolcon.colcon_core.package_identification[0m [1;30mLevel 1[0m _identify(rosdep) by extensions ['ros']
[1.990s] [34mcolcon.colcon_core.package_identification[0m [1;30mLevel 1[0m _identify(rosdep) by extension 'ros'
[1.990s] [34mcolcon.colcon_core.package_identification[0m [1;30mLevel 1[0m _identify(rosdep) by extensions ['cmake', 'python']
[1.990s] [34mcolcon.colcon_core.package_identification[0m [1;30mLevel 1[0m _identify(rosdep) by extension 'cmake'
[1.991s] [34mcolcon.colcon_core.package_identification[0m [1;30mLevel 1[0m _identify(rosdep) by extension 'python'
[1.991s] [34mcolcon.colcon_core.package_identification[0m [1;30mLevel 1[0m _identify(rosdep) by extensions ['python_setup_py']
[1.991s] [34mcolcon.colcon_core.package_identification[0m [1;30mLevel 1[0m _identify(rosdep) by extension 'python_setup_py'
[1.991s] [34mcolcon.colcon_core.package_identification[0m [1;30mLevel 1[0m _identify(src) by extensions ['ignore', 'ignore_ament_install']
[1.991s] [34mcolcon.colcon_core.package_identification[0m [1;30mLevel 1[0m _identify(src) by extension 'ignore'
[1.991s] [34mcolcon.colcon_core.package_identification[0m [1;30mLevel 1[0m _identify(src) by extension 'ignore_ament_install'
[1.991s] [34mcolcon.colcon_core.package_identification[0m [1;30mLevel 1[0m _identify(src) by extensions ['colcon_pkg']
[1.991s] [34mcolcon.colcon_core.package_identification[0m [1;30mLevel 1[0m _identify(src) by extension 'colcon_pkg'
[1.991s] [34mcolcon.colcon_core.package_identification[0m [1;30mLevel 1[0m _identify(src) by extensions ['colcon_meta']
[1.991s] [34mcolcon.colcon_core.package_identification[0m [1;30mLevel 1[0m _identify(src) by extension 'colcon_meta'
[1.992s] [34mcolcon.colcon_core.package_identification[0m [1;30mLevel 1[0m _identify(src) by extensions ['ros']
[1.992s] [34mcolcon.colcon_core.package_identification[0m [1;30mLevel 1[0m _identify(src) by extension 'ros'
[1.992s] [34mcolcon.colcon_core.package_identification[0m [1;30mLevel 1[0m _identify(src) by extensions ['cmake', 'python']
[1.992s] [34mcolcon.colcon_core.package_identification[0m [1;30mLevel 1[0m _identify(src) by extension 'cmake'
[1.992s] [34mcolcon.colcon_core.package_identification[0m [1;30mLevel 1[0m _identify(src) by extension 'python'
[1.992s] [34mcolcon.colcon_core.package_identification[0m [1;30mLevel 1[0m _identify(src) by extensions ['python_setup_py']
[1.992s] [34mcolcon.colcon_core.package_identification[0m [1;30mLevel 1[0m _identify(src) by extension 'python_setup_py'
[1.992s] [34mcolcon.colcon_core.package_identification[0m [1;30mLevel 1[0m _identify(src/build) by extensions ['ignore', 'ignore_ament_install']
[1.992s] [34mcolcon.colcon_core.package_identification[0m [1;30mLevel 1[0m _identify(src/build) by extension 'ignore'
[1.993s] [34mcolcon.colcon_core.package_identification[0m [1;30mLevel 1[0m _identify(src/build) ignored
[1.993s] [34mcolcon.colcon_core.package_identification[0m [1;30mLevel 1[0m _identify(src/hello_world) by extensions ['ignore', 'ignore_ament_install']
[1.993s] [34mcolcon.colcon_core.package_identification[0m [1;30mLevel 1[0m _identify(src/hello_world) by extension 'ignore'
[1.993s] [34mcolcon.colcon_core.package_identification[0m [1;30mLevel 1[0m _identify(src/hello_world) by extension 'ignore_ament_install'
[1.993s] [34mcolcon.colcon_core.package_identification[0m [1;30mLevel 1[0m _identify(src/hello_world) by extensions ['colcon_pkg']
[1.993s] [34mcolcon.colcon_core.package_identification[0m [1;30mLevel 1[0m _identify(src/hello_world) by extension 'colcon_pkg'
[1.993s] [34mcolcon.colcon_core.package_identification[0m [1;30mLevel 1[0m _identify(src/hello_world) by extensions ['colcon_meta']
[1.993s] [34mcolcon.colcon_core.package_identification[0m [1;30mLevel 1[0m _identify(src/hello_world) by extension 'colcon_meta'
[1.993s] [34mcolcon.colcon_core.package_identification[0m [1;30mLevel 1[0m _identify(src/hello_world) by extensions ['ros']
[1.994s] [34mcolcon.colcon_core.package_identification[0m [1;30mLevel 1[0m _identify(src/hello_world) by extension 'ros'
[2.000s] [34mcolcon.colcon_core.package_identification[0m [1;30mDEBUG[0m [32mPackage 'src/hello_world' with type 'ros.ament_python' and name 'hello_world'[0m
[2.001s] [34mcolcon.colcon_core.package_identification[0m [1;30mLevel 1[0m _identify(src/install) by extensions ['ignore', 'ignore_ament_install']
[2.001s] [34mcolcon.colcon_core.package_identification[0m [1;30mLevel 1[0m _identify(src/install) by extension 'ignore'
[2.001s] [34mcolcon.colcon_core.package_identification[0m [1;30mLevel 1[0m _identify(src/install) ignored
[2.001s] [34mcolcon.colcon_core.package_identification[0m [1;30mLevel 1[0m _identify(src/keystroke_input) by extensions ['ignore', 'ignore_ament_install']
[2.001s] [34mcolcon.colcon_core.package_identification[0m [1;30mLevel 1[0m _identify(src/keystroke_input) by extension 'ignore'
[2.001s] [34mcolcon.colcon_core.package_identification[0m [1;30mLevel 1[0m _identify(src/keystroke_input) by extension 'ignore_ament_install'
[2.001s] [34mcolcon.colcon_core.package_identification[0m [1;30mLevel 1[0m _identify(src/keystroke_input) by extensions ['colcon_pkg']
[2.002s] [34mcolcon.colcon_core.package_identification[0m [1;30mLevel 1[0m _identify(src/keystroke_input) by extension 'colcon_pkg'
[2.002s] [34mcolcon.colcon_core.package_identification[0m [1;30mLevel 1[0m _identify(src/keystroke_input) by extensions ['colcon_meta']
[2.002s] [34mcolcon.colcon_core.package_identification[0m [1;30mLevel 1[0m _identify(src/keystroke_input) by extension 'colcon_meta'
[2.002s] [34mcolcon.colcon_core.package_identification[0m [1;30mLevel 1[0m _identify(src/keystroke_input) by extensions ['ros']
[2.002s] [34mcolcon.colcon_core.package_identification[0m [1;30mLevel 1[0m _identify(src/keystroke_input) by extension 'ros'
[2.003s] [34mcolcon.colcon_core.package_identification[0m [1;30mDEBUG[0m [32mPackage 'src/keystroke_input' with type 'ros.ament_python' and name 'keystroke_input'[0m
[2.003s] [34mcolcon.colcon_core.package_identification[0m [1;30mLevel 1[0m _identify(src/log) by extensions ['ignore', 'ignore_ament_install']
[2.003s] [34mcolcon.colcon_core.package_identification[0m [1;30mLevel 1[0m _identify(src/log) by extension 'ignore'
[2.004s] [34mcolcon.colcon_core.package_identification[0m [1;30mLevel 1[0m _identify(src/log) ignored
[2.004s] [34mcolcon.colcon_core.package_discovery[0m [1;30mLevel 1[0m discover_packages(recursive) using defaults
[2.004s] [34mcolcon.colcon_core.package_discovery[0m [1;30mLevel 1[0m discover_packages(ignore) discover
[2.004s] [34mcolcon.colcon_core.package_discovery[0m [1;30mLevel 1[0m discover_packages(ignore) using defaults
[2.004s] [34mcolcon.colcon_core.package_discovery[0m [1;30mLevel 1[0m discover_packages(path) discover
[2.004s] [34mcolcon.colcon_core.package_discovery[0m [1;30mLevel 1[0m discover_packages(path) using defaults
[2.103s] [34mcolcon.colcon_core.package_selection[0m [1;30mINFO[0m Skipping not selected package 'hello_world' in 'src/hello_world'
[2.117s] [34mcolcon.colcon_core.verb[0m [1;30mLevel 5[0m set package 'keystroke_input' build argument 'cmake_args' from command line to 'None'
[2.117s] [34mcolcon.colcon_core.verb[0m [1;30mLevel 5[0m set package 'keystroke_input' build argument 'cmake_target' from command line to 'None'
[2.117s] [34mcolcon.colcon_core.verb[0m [1;30mLevel 5[0m set package 'keystroke_input' build argument 'cmake_target_skip_unavailable' from command line to 'False'
[2.117s] [34mcolcon.colcon_core.verb[0m [1;30mLevel 5[0m set package 'keystroke_input' build argument 'cmake_clean_cache' from command line to 'False'
[2.117s] [34mcolcon.colcon_core.verb[0m [1;30mLevel 5[0m set package 'keystroke_input' build argument 'cmake_clean_first' from command line to 'False'
[2.117s] [34mcolcon.colcon_core.verb[0m [1;30mLevel 5[0m set package 'keystroke_input' build argument 'cmake_force_configure' from command line to 'False'
[2.117s] [34mcolcon.colcon_core.verb[0m [1;30mLevel 5[0m set package 'keystroke_input' build argument 'ament_cmake_args' from command line to 'None'
[2.117s] [34mcolcon.colcon_core.verb[0m [1;30mLevel 5[0m set package 'keystroke_input' build argument 'catkin_cmake_args' from command line to 'None'
[2.117s] [34mcolcon.colcon_core.verb[0m [1;30mLevel 5[0m set package 'keystroke_input' build argument 'catkin_skip_building_tests' from command line to 'False'
[2.117s] [34mcolcon.colcon_core.verb[0m [1;30mDEBUG[0m [32mBuilding package 'keystroke_input' with the following arguments: {'ament_cmake_args': None, 'build_base': '/Users/calvingott/experience_lab/experience-lab-data-F23/ros2/build/keystroke_input', 'catkin_cmake_args': None, 'catkin_skip_building_tests': False, 'cmake_args': None, 'cmake_clean_cache': False, 'cmake_clean_first': False, 'cmake_force_configure': False, 'cmake_target': None, 'cmake_target_skip_unavailable': False, 'install_base': '/Users/calvingott/experience_lab/experience-lab-data-F23/ros2/install/keystroke_input', 'merge_install': False, 'path': '/Users/calvingott/experience_lab/experience-lab-data-F23/ros2/src/keystroke_input', 'symlink_install': False, 'test_result_base': None}[0m
[2.120s] [34mcolcon.colcon_core.executor[0m [1;30mINFO[0m Executing jobs using 'parallel' executor
[2.138s] [34mcolcon.colcon_parallel_executor.executor.parallel[0m [1;30mDEBUG[0m [32mrun_until_complete[0m
[2.138s] [34mcolcon.colcon_ros.task.ament_python.build[0m [1;30mINFO[0m Building ROS package in '/Users/calvingott/experience_lab/experience-lab-data-F23/ros2/src/keystroke_input' with build type 'ament_python'
[2.138s] [34mcolcon.colcon_core.shell[0m [1;30mLevel 1[0m create_environment_hook('keystroke_input', 'ament_prefix_path')
[2.179s] [34mcolcon.colcon_core.plugin_system[0m [1;30mINFO[0m Skipping extension 'colcon_core.shell.bat': Not used on non-Windows systems
[2.179s] [34mcolcon.colcon_core.shell[0m [1;30mINFO[0m Creating environment hook '/Users/calvingott/experience_lab/experience-lab-data-F23/ros2/install/keystroke_input/share/keystroke_input/hook/ament_prefix_path.ps1'
[2.182s] [34mcolcon.colcon_core.shell[0m [1;30mINFO[0m Creating environment descriptor '/Users/calvingott/experience_lab/experience-lab-data-F23/ros2/install/keystroke_input/share/keystroke_input/hook/ament_prefix_path.dsv'
[2.183s] [34mcolcon.colcon_core.shell[0m [1;30mINFO[0m Creating environment hook '/Users/calvingott/experience_lab/experience-lab-data-F23/ros2/install/keystroke_input/share/keystroke_input/hook/ament_prefix_path.sh'
[2.195s] [34mcolcon.colcon_core.shell[0m [1;30mINFO[0m Skip shell extension 'powershell' for command environment: Not usable outside of PowerShell
[2.196s] [34mcolcon.colcon_core.shell[0m [1;30mDEBUG[0m [32mSkip shell extension 'dsv' for command environment[0m
[2.748s] [34mcolcon.colcon_core.task.python.build[0m [1;30mINFO[0m Building Python package in '/Users/calvingott/experience_lab/experience-lab-data-F23/ros2/src/keystroke_input'
[2.759s] [34mcolcon.colcon_core.shell[0m [1;30mINFO[0m Skip shell extension 'powershell' for command environment: Not usable outside of PowerShell
[2.759s] [34mcolcon.colcon_core.shell[0m [1;30mDEBUG[0m [32mSkip shell extension 'dsv' for command environment[0m
[3.596s] [34mcolcon.colcon_core.event_handler.log_command[0m [1;30mDEBUG[0m [32mInvoking command in '/Users/calvingott/experience_lab/experience-lab-data-F23/ros2/src/keystroke_input': CONDA_PROMPT_MODIFIER=(experience-lab) PYTHONPATH=/Users/calvingott/experience_lab/experience-lab-data-F23/ros2/build/keystroke_input/prefix_override:/Users/calvingott/experience_lab/experience-lab-data-F23/ros2/install/keystroke_input/lib/python3.10/site-packages:${PYTHONPATH} SHLVL=2 _=/usr/bin/env /usr/local/Caskroom/miniforge/base/envs/experience-lab/bin/python3.10 setup.py egg_info --egg-base ../../build/keystroke_input build --build-base /Users/calvingott/experience_lab/experience-lab-data-F23/ros2/build/keystroke_input/build install --record /Users/calvingott/experience_lab/experience-lab-data-F23/ros2/build/keystroke_input/install.log --single-version-externally-managed[0m
[4.257s] [34mcolcon.colcon_core.event_handler.log_command[0m [1;30mDEBUG[0m [32mInvoked command in '/Users/calvingott/experience_lab/experience-lab-data-F23/ros2/src/keystroke_input' returned '0': CONDA_PROMPT_MODIFIER=(experience-lab) PYTHONPATH=/Users/calvingott/experience_lab/experience-lab-data-F23/ros2/build/keystroke_input/prefix_override:/Users/calvingott/experience_lab/experience-lab-data-F23/ros2/install/keystroke_input/lib/python3.10/site-packages:${PYTHONPATH} SHLVL=2 _=/usr/bin/env /usr/local/Caskroom/miniforge/base/envs/experience-lab/bin/python3.10 setup.py egg_info --egg-base ../../build/keystroke_input build --build-base /Users/calvingott/experience_lab/experience-lab-data-F23/ros2/build/keystroke_input/build install --record /Users/calvingott/experience_lab/experience-lab-data-F23/ros2/build/keystroke_input/install.log --single-version-externally-managed[0m
[4.291s] [34mcolcon.colcon_core.environment[0m [1;30mLevel 1[0m checking '/Users/calvingott/experience_lab/experience-lab-data-F23/ros2/install/keystroke_input' for CMake module files
[4.293s] [34mcolcon.colcon_core.environment[0m [1;30mLevel 1[0m checking '/Users/calvingott/experience_lab/experience-lab-data-F23/ros2/install/keystroke_input' for CMake config files
[4.294s] [34mcolcon.colcon_core.environment[0m [1;30mLevel 1[0m checking '/Users/calvingott/experience_lab/experience-lab-data-F23/ros2/install/keystroke_input/lib'
[4.295s] [34mcolcon.colcon_core.environment[0m [1;30mLevel 1[0m checking '/Users/calvingott/experience_lab/experience-lab-data-F23/ros2/install/keystroke_input/bin'
[4.296s] [34mcolcon.colcon_core.environment[0m [1;30mLevel 1[0m checking '/Users/calvingott/experience_lab/experience-lab-data-F23/ros2/install/keystroke_input/lib/pkgconfig/keystroke_input.pc'
[4.296s] [34mcolcon.colcon_core.environment[0m [1;30mLevel 1[0m checking '/Users/calvingott/experience_lab/experience-lab-data-F23/ros2/install/keystroke_input/lib/python3.10/site-packages'
[4.297s] [34mcolcon.colcon_core.shell[0m [1;30mLevel 1[0m create_environment_hook('keystroke_input', 'pythonpath')
[4.315s] [34mcolcon.colcon_core.shell[0m [1;30mINFO[0m Creating environment hook '/Users/calvingott/experience_lab/experience-lab-data-F23/ros2/install/keystroke_input/share/keystroke_input/hook/pythonpath.ps1'
[4.316s] [34mcolcon.colcon_core.shell[0m [1;30mINFO[0m Creating environment descriptor '/Users/calvingott/experience_lab/experience-lab-data-F23/ros2/install/keystroke_input/share/keystroke_input/hook/pythonpath.dsv'
[4.318s] [34mcolcon.colcon_core.shell[0m [1;30mINFO[0m Creating environment hook '/Users/calvingott/experience_lab/experience-lab-data-F23/ros2/install/keystroke_input/share/keystroke_input/hook/pythonpath.sh'
[4.319s] [34mcolcon.colcon_core.environment[0m [1;30mLevel 1[0m checking '/Users/calvingott/experience_lab/experience-lab-data-F23/ros2/install/keystroke_input/bin'
[4.320s] [34mcolcon.colcon_core.environment[0m [1;30mLevel 1[0m create_environment_scripts_only(keystroke_input)
[4.337s] [34mcolcon.colcon_core.shell[0m [1;30mINFO[0m Creating package script '/Users/calvingott/experience_lab/experience-lab-data-F23/ros2/install/keystroke_input/share/keystroke_input/package.ps1'
[4.340s] [34mcolcon.colcon_core.shell[0m [1;30mINFO[0m Creating package descriptor '/Users/calvingott/experience_lab/experience-lab-data-F23/ros2/install/keystroke_input/share/keystroke_input/package.dsv'
[4.342s] [34mcolcon.colcon_core.shell[0m [1;30mINFO[0m Creating package script '/Users/calvingott/experience_lab/experience-lab-data-F23/ros2/install/keystroke_input/share/keystroke_input/package.sh'
[4.344s] [34mcolcon.colcon_core.shell[0m [1;30mINFO[0m Creating package script '/Users/calvingott/experience_lab/experience-lab-data-F23/ros2/install/keystroke_input/share/keystroke_input/package.bash'
[4.345s] [34mcolcon.colcon_core.shell[0m [1;30mINFO[0m Creating package script '/Users/calvingott/experience_lab/experience-lab-data-F23/ros2/install/keystroke_input/share/keystroke_input/package.zsh'
[4.347s] [34mcolcon.colcon_core.environment[0m [1;30mLevel 1[0m create_file_with_runtime_dependencies(/Users/calvingott/experience_lab/experience-lab-data-F23/ros2/install/keystroke_input/share/colcon-core/packages/keystroke_input)
[4.348s] [34mcolcon.colcon_parallel_executor.executor.parallel[0m [1;30mDEBUG[0m [32mclosing loop[0m
[4.349s] [34mcolcon.colcon_parallel_executor.executor.parallel[0m [1;30mDEBUG[0m [32mloop closed[0m
[4.349s] [34mcolcon.colcon_parallel_executor.executor.parallel[0m [1;30mDEBUG[0m [32mrun_until_complete finished with '0'[0m
[4.350s] [34mcolcon.colcon_core.event_reactor[0m [1;30mDEBUG[0m [32mjoining thread[0m
[4.351s] [34mcolcon.colcon_core.event_reactor[0m [1;30mDEBUG[0m [32mjoined thread[0m
[4.369s] [34mcolcon.colcon_core.shell[0m [1;30mINFO[0m Creating prefix script '/Users/calvingott/experience_lab/experience-lab-data-F23/ros2/install/local_setup.ps1'
[4.374s] [34mcolcon.colcon_core.shell[0m [1;30mINFO[0m Creating prefix util module '/Users/calvingott/experience_lab/experience-lab-data-F23/ros2/install/_local_setup_util_ps1.py'
[4.379s] [34mcolcon.colcon_core.shell[0m [1;30mINFO[0m Creating prefix chain script '/Users/calvingott/experience_lab/experience-lab-data-F23/ros2/install/setup.ps1'
[4.396s] [34mcolcon.colcon_core.shell[0m [1;30mINFO[0m Creating prefix script '/Users/calvingott/experience_lab/experience-lab-data-F23/ros2/install/local_setup.sh'
[4.398s] [34mcolcon.colcon_core.shell[0m [1;30mINFO[0m Creating prefix util module '/Users/calvingott/experience_lab/experience-lab-data-F23/ros2/install/_local_setup_util_sh.py'
[4.399s] [34mcolcon.colcon_core.shell[0m [1;30mINFO[0m Creating prefix chain script '/Users/calvingott/experience_lab/experience-lab-data-F23/ros2/install/setup.sh'
[4.411s] [34mcolcon.colcon_core.shell[0m [1;30mINFO[0m Creating prefix script '/Users/calvingott/experience_lab/experience-lab-data-F23/ros2/install/local_setup.bash'
[4.413s] [34mcolcon.colcon_core.shell[0m [1;30mINFO[0m Creating prefix chain script '/Users/calvingott/experience_lab/experience-lab-data-F23/ros2/install/setup.bash'
[4.427s] [34mcolcon.colcon_core.shell[0m [1;30mINFO[0m Creating prefix script '/Users/calvingott/experience_lab/experience-lab-data-F23/ros2/install/local_setup.zsh'
[4.429s] [34mcolcon.colcon_core.shell[0m [1;30mINFO[0m Creating prefix chain script '/Users/calvingott/experience_lab/experience-lab-data-F23/ros2/install/setup.zsh'
