[0.000000] (-) TimerEvent: {}
[0.000230] (hello_world) JobQueued: {'identifier': 'hello_world', 'dependencies': OrderedDict()}
[0.000295] (keystroke_input) JobQueued: {'identifier': 'keystroke_input', 'dependencies': OrderedDict()}
[0.001061] (hello_world) JobStarted: {'identifier': 'hello_world'}
[0.088329] (keystroke_input) JobStarted: {'identifier': 'keystroke_input'}
[0.106603] (-) TimerEvent: {}
[0.210672] (-) TimerEvent: {}
[0.311753] (-) TimerEvent: {}
[0.412037] (-) TimerEvent: {}
[0.517165] (-) TimerEvent: {}
[0.619355] (-) TimerEvent: {}
[0.723472] (-) TimerEvent: {}
[0.827140] (-) TimerEvent: {}
[0.928948] (-) TimerEvent: {}
[1.029673] (-) TimerEvent: {}
[1.130198] (-) TimerEvent: {}
[1.231231] (-) TimerEvent: {}
[1.339255] (-) TimerEvent: {}
[1.451127] (-) TimerEvent: {}
[1.556398] (-) TimerEvent: {}
[1.656990] (-) TimerEvent: {}
[1.761059] (-) TimerEvent: {}
[1.865751] (-) TimerEvent: {}
[1.970848] (-) TimerEvent: {}
[2.071056] (-) TimerEvent: {}
[2.171700] (-) TimerEvent: {}
[2.272058] (-) TimerEvent: {}
[2.372480] (-) TimerEvent: {}
[2.476962] (-) TimerEvent: {}
[2.581751] (-) TimerEvent: {}
[2.682551] (-) TimerEvent: {}
[2.683325] (hello_world) StderrLine: {'line': b'Traceback (most recent call last):\n  File "/usr/local/Caskroom/miniforge/base/envs/experience-lab/lib/python3.10/site-packages/colcon_core/executor/__init__.py", line 91, in __call__\n    rc = await self.task(*args, **kwargs)\n  File "/usr/local/Caskroom/miniforge/base/envs/experience-lab/lib/python3.10/site-packages/colcon_core/task/__init__.py", line 93, in __call__\n    return await task_method(*args, **kwargs)\n  File "/usr/local/Caskroom/miniforge/base/envs/experience-lab/lib/python3.10/site-packages/colcon_ros/task/ament_python/build.py", line 105, in build\n    return await extension.build(additional_hooks=additional_hooks)\n  File "/usr/local/Caskroom/miniforge/base/envs/experience-lab/lib/python3.10/site-packages/colcon_core/task/python/build.py", line 81, in build\n    available_commands = await self._get_available_commands(\n  File "/usr/local/Caskroom/miniforge/base/envs/experience-lab/lib/python3.10/site-packages/colcon_core/task/python/build.py", line 171, in _get_available_commands\n    output = await check_output(\n  File "/usr/local/Caskroom/miniforge/base/envs/experience-lab/lib/python3.10/site-packages/colcon_core/subprocess.py", line 128, in check_output\n    assert not rc, f\'Expected {args} to pass: {stderr_data}\'\nAssertionError: Expected [\'/usr/local/Caskroom/miniforge/base/envs/experience-lab3.9/bin/python3.9\', \'setup.py\', \'--help-commands\'] to pass: Traceback (most recent call last):\n  File "/Users/calvingott/experience_lab/experience-lab-data-F23/ros2/src/hello_world/setup.py", line 5, in <module>\n    setup(\n  File "/usr/local/Caskroom/miniforge/base/envs/experience-lab/lib/python3.10/site-packages/setuptools/__init__.py", line 153, in setup\n    return distutils.core.setup(**attrs)\n  File "/usr/local/Caskroom/miniforge/base/envs/experience-lab/lib/python3.10/site-packages/setuptools/_distutils/core.py", line 134, in setup\n    ok = dist.parse_command_line()\n  File "/usr/local/Caskroom/miniforge/base/envs/experience-lab/lib/python3.10/site-packages/setuptools/_distutils/dist.py", line 481, in parse_command_line\n    if self.handle_display_options(option_order):\n  File "/usr/local/Caskroom/miniforge/base/envs/experience-lab/lib/python3.10/site-packages/setuptools/dist.py", line 1120, in handle_display_options\n    return _Distribution.handle_display_options(self, option_order)\n  File "/usr/local/Caskroom/miniforge/base/envs/experience-lab/lib/python3.10/site-packages/setuptools/_distutils/dist.py", line 684, in handle_display_options\n    self.print_commands()\n  File "/usr/local/Caskroom/miniforge/base/envs/experience-lab/lib/python3.10/site-packages/setuptools/dist.py", line 896, in print_commands\n    cmdclass = ep.resolve()\n  File "/usr/local/Caskroom/miniforge/base/envs/experience-lab/lib/python3.10/site-packages/pkg_resources/__init__.py", line 2456, in resolve\n    module = __import__(self.module_name, fromlist=[\'__name__\'], level=0)\n  File "/usr/local/Caskroom/miniforge/base/envs/experience-lab3.9/lib/python3.9/site-packages/setuptools_lint/setuptools_command.py", line 10, in <module>\n    _opts = lint.Run.LinterClass.make_options()\nAttributeError: type object \'PyLinter\' has no attribute \'make_options\'\n\n'}
[2.685088] (hello_world) JobEnded: {'identifier': 'hello_world', 'rc': 1}
[2.686231] (keystroke_input) StderrLine: {'line': b'Traceback (most recent call last):\n  File "/usr/local/Caskroom/miniforge/base/envs/experience-lab/lib/python3.10/site-packages/colcon_core/executor/__init__.py", line 91, in __call__\n    rc = await self.task(*args, **kwargs)\n  File "/usr/local/Caskroom/miniforge/base/envs/experience-lab/lib/python3.10/site-packages/colcon_core/task/__init__.py", line 93, in __call__\n    return await task_method(*args, **kwargs)\n  File "/usr/local/Caskroom/miniforge/base/envs/experience-lab/lib/python3.10/site-packages/colcon_ros/task/ament_python/build.py", line 105, in build\n    return await extension.build(additional_hooks=additional_hooks)\n  File "/usr/local/Caskroom/miniforge/base/envs/experience-lab/lib/python3.10/site-packages/colcon_core/task/python/build.py", line 81, in build\n    available_commands = await self._get_available_commands(\n  File "/usr/local/Caskroom/miniforge/base/envs/experience-lab/lib/python3.10/site-packages/colcon_core/task/python/build.py", line 171, in _get_available_commands\n    output = await check_output(\n  File "/usr/local/Caskroom/miniforge/base/envs/experience-lab/lib/python3.10/site-packages/colcon_core/subprocess.py", line 128, in check_output\n    assert not rc, f\'Expected {args} to pass: {stderr_data}\'\nAssertionError: Expected [\'/usr/local/Caskroom/miniforge/base/envs/experience-lab3.9/bin/python3.9\', \'setup.py\', \'--help-commands\'] to pass: Traceback (most recent call last):\n  File "/Users/calvingott/experience_lab/experience-lab-data-F23/ros2/src/keystroke_input/setup.py", line 5, in <module>\n    setup(\n  File "/usr/local/Caskroom/miniforge/base/envs/experience-lab/lib/python3.10/site-packages/setuptools/__init__.py", line 153, in setup\n    return distutils.core.setup(**attrs)\n  File "/usr/local/Caskroom/miniforge/base/envs/experience-lab/lib/python3.10/site-packages/setuptools/_distutils/core.py", line 134, in setup\n    ok = dist.parse_command_line()\n  File "/usr/local/Caskroom/miniforge/base/envs/experience-lab/lib/python3.10/site-packages/setuptools/_distutils/dist.py", line 481, in parse_command_line\n    if self.handle_display_options(option_order):\n  File "/usr/local/Caskroom/miniforge/base/envs/experience-lab/lib/python3.10/site-packages/setuptools/dist.py", line 1120, in handle_display_options\n    return _Distribution.handle_display_options(self, option_order)\n  File "/usr/local/Caskroom/miniforge/base/envs/experience-lab/lib/python3.10/site-packages/setuptools/_distutils/dist.py", line 684, in handle_display_options\n    self.print_commands()\n  File "/usr/local/Caskroom/miniforge/base/envs/experience-lab/lib/python3.10/site-packages/setuptools/dist.py", line 896, in print_commands\n    cmdclass = ep.resolve()\n  File "/usr/local/Caskroom/miniforge/base/envs/experience-lab/lib/python3.10/site-packages/pkg_resources/__init__.py", line 2456, in resolve\n    module = __import__(self.module_name, fromlist=[\'__name__\'], level=0)\n  File "/usr/local/Caskroom/miniforge/base/envs/experience-lab3.9/lib/python3.9/site-packages/setuptools_lint/setuptools_command.py", line 10, in <module>\n    _opts = lint.Run.LinterClass.make_options()\nAttributeError: type object \'PyLinter\' has no attribute \'make_options\'\n\n'}
[2.687204] (keystroke_input) JobEnded: {'identifier': 'keystroke_input', 'rc': 1}
[2.697530] (-) EventReactorShutdown: {}
