[1.281s] Invoking command in '/Users/calvingott/experience_lab/experience-lab-data-F23/ros2/src/keystroke_input': CONDA_PROMPT_MODIFIER=(experience-lab) PYTHONPATH=/Users/calvingott/experience_lab/experience-lab-data-F23/ros2/src/build/keystroke_input/prefix_override:/Users/calvingott/experience_lab/experience-lab-data-F23/ros2/src/install/keystroke_input/lib/python3.10/site-packages:${PYTHONPATH} SHLVL=2 _=/usr/bin/env /usr/local/Caskroom/miniforge/base/envs/experience-lab/bin/python3.10 setup.py egg_info --egg-base ../build/keystroke_input build --build-base /Users/calvingott/experience_lab/experience-lab-data-F23/ros2/src/build/keystroke_input/build install --record /Users/calvingott/experience_lab/experience-lab-data-F23/ros2/src/build/keystroke_input/install.log --single-version-externally-managed
[1.766s] running egg_info
[1.767s] writing ../build/keystroke_input/keystroke_input.egg-info/PKG-INFO
[1.767s] writing dependency_links to ../build/keystroke_input/keystroke_input.egg-info/dependency_links.txt
[1.768s] writing entry points to ../build/keystroke_input/keystroke_input.egg-info/entry_points.txt
[1.768s] writing requirements to ../build/keystroke_input/keystroke_input.egg-info/requires.txt
[1.768s] writing top-level names to ../build/keystroke_input/keystroke_input.egg-info/top_level.txt
[1.772s] reading manifest file '../build/keystroke_input/keystroke_input.egg-info/SOURCES.txt'
[1.774s] writing manifest file '../build/keystroke_input/keystroke_input.egg-info/SOURCES.txt'
[1.774s] running build
[1.774s] running build_py
[1.775s] copying keystroke_input/keystroke_publisher.py -> /Users/calvingott/experience_lab/experience-lab-data-F23/ros2/src/build/keystroke_input/build/lib/keystroke_input
[1.775s] copying keystroke_input/__init__.py -> /Users/calvingott/experience_lab/experience-lab-data-F23/ros2/src/build/keystroke_input/build/lib/keystroke_input
[1.776s] copying keystroke_input/keystroke_listener.py -> /Users/calvingott/experience_lab/experience-lab-data-F23/ros2/src/build/keystroke_input/build/lib/keystroke_input
[1.776s] running install
[1.777s] running install_lib
[1.779s] copying /Users/calvingott/experience_lab/experience-lab-data-F23/ros2/src/build/keystroke_input/build/lib/keystroke_input/keystroke_publisher.py -> /Users/calvingott/experience_lab/experience-lab-data-F23/ros2/src/install/keystroke_input/lib/python3.10/site-packages/keystroke_input
[1.780s] copying /Users/calvingott/experience_lab/experience-lab-data-F23/ros2/src/build/keystroke_input/build/lib/keystroke_input/__init__.py -> /Users/calvingott/experience_lab/experience-lab-data-F23/ros2/src/install/keystroke_input/lib/python3.10/site-packages/keystroke_input
[1.781s] copying /Users/calvingott/experience_lab/experience-lab-data-F23/ros2/src/build/keystroke_input/build/lib/keystroke_input/keystroke_listener.py -> /Users/calvingott/experience_lab/experience-lab-data-F23/ros2/src/install/keystroke_input/lib/python3.10/site-packages/keystroke_input
[1.782s] byte-compiling /Users/calvingott/experience_lab/experience-lab-data-F23/ros2/src/install/keystroke_input/lib/python3.10/site-packages/keystroke_input/keystroke_publisher.py to keystroke_publisher.cpython-310.pyc
[1.783s] byte-compiling /Users/calvingott/experience_lab/experience-lab-data-F23/ros2/src/install/keystroke_input/lib/python3.10/site-packages/keystroke_input/__init__.py to __init__.cpython-310.pyc
[1.784s] byte-compiling /Users/calvingott/experience_lab/experience-lab-data-F23/ros2/src/install/keystroke_input/lib/python3.10/site-packages/keystroke_input/keystroke_listener.py to keystroke_listener.cpython-310.pyc
[1.785s] running install_data
[1.787s] copying resource/keystroke_input -> /Users/calvingott/experience_lab/experience-lab-data-F23/ros2/src/install/keystroke_input/share/ament_index/resource_index/packages
[1.788s] copying package.xml -> /Users/calvingott/experience_lab/experience-lab-data-F23/ros2/src/install/keystroke_input/share/keystroke_input
[1.788s] running install_egg_info
[1.793s] removing '/Users/calvingott/experience_lab/experience-lab-data-F23/ros2/src/install/keystroke_input/lib/python3.10/site-packages/keystroke_input-0.0.0-py3.10.egg-info' (and everything under it)
[1.795s] Copying ../build/keystroke_input/keystroke_input.egg-info to /Users/calvingott/experience_lab/experience-lab-data-F23/ros2/src/install/keystroke_input/lib/python3.10/site-packages/keystroke_input-0.0.0-py3.10.egg-info
[1.802s] running install_scripts
[1.869s] Installing keystroke_listener script to /Users/calvingott/experience_lab/experience-lab-data-F23/ros2/src/install/keystroke_input/lib/keystroke_input
[1.870s] Installing keystroke_publisher script to /Users/calvingott/experience_lab/experience-lab-data-F23/ros2/src/install/keystroke_input/lib/keystroke_input
[1.871s] writing list of installed files to '/Users/calvingott/experience_lab/experience-lab-data-F23/ros2/src/build/keystroke_input/install.log'
[1.941s] Invoked command in '/Users/calvingott/experience_lab/experience-lab-data-F23/ros2/src/keystroke_input' returned '0': CONDA_PROMPT_MODIFIER=(experience-lab) PYTHONPATH=/Users/calvingott/experience_lab/experience-lab-data-F23/ros2/src/build/keystroke_input/prefix_override:/Users/calvingott/experience_lab/experience-lab-data-F23/ros2/src/install/keystroke_input/lib/python3.10/site-packages:${PYTHONPATH} SHLVL=2 _=/usr/bin/env /usr/local/Caskroom/miniforge/base/envs/experience-lab/bin/python3.10 setup.py egg_info --egg-base ../build/keystroke_input build --build-base /Users/calvingott/experience_lab/experience-lab-data-F23/ros2/src/build/keystroke_input/build install --record /Users/calvingott/experience_lab/experience-lab-data-F23/ros2/src/build/keystroke_input/install.log --single-version-externally-managed
