[1.457s] Invoking command in '/Users/calvingott/experience_lab/experience-lab-data-F23/ros2/src/keystroke_input': CONDA_PROMPT_MODIFIER=(experience-lab) PYTHONPATH=/Users/calvingott/experience_lab/experience-lab-data-F23/ros2/build/keystroke_input/prefix_override:/Users/calvingott/experience_lab/experience-lab-data-F23/ros2/install/keystroke_input/lib/python3.10/site-packages:${PYTHONPATH} SHLVL=2 _=/usr/bin/env /usr/local/Caskroom/miniforge/base/envs/experience-lab/bin/python3.10 setup.py egg_info --egg-base ../../build/keystroke_input build --build-base /Users/calvingott/experience_lab/experience-lab-data-F23/ros2/build/keystroke_input/build install --record /Users/calvingott/experience_lab/experience-lab-data-F23/ros2/build/keystroke_input/install.log --single-version-externally-managed
[1.924s] running egg_info
[1.925s] creating ../../build/keystroke_input/keystroke_input.egg-info
[1.925s] writing ../../build/keystroke_input/keystroke_input.egg-info/PKG-INFO
[1.926s] writing dependency_links to ../../build/keystroke_input/keystroke_input.egg-info/dependency_links.txt
[1.926s] writing entry points to ../../build/keystroke_input/keystroke_input.egg-info/entry_points.txt
[1.926s] writing requirements to ../../build/keystroke_input/keystroke_input.egg-info/requires.txt
[1.927s] writing top-level names to ../../build/keystroke_input/keystroke_input.egg-info/top_level.txt
[1.927s] writing manifest file '../../build/keystroke_input/keystroke_input.egg-info/SOURCES.txt'
[1.930s] reading manifest file '../../build/keystroke_input/keystroke_input.egg-info/SOURCES.txt'
[1.932s] writing manifest file '../../build/keystroke_input/keystroke_input.egg-info/SOURCES.txt'
[1.932s] running build
[1.932s] running build_py
[1.933s] creating /Users/calvingott/experience_lab/experience-lab-data-F23/ros2/build/keystroke_input/build
[1.933s] creating /Users/calvingott/experience_lab/experience-lab-data-F23/ros2/build/keystroke_input/build/lib
[1.933s] creating /Users/calvingott/experience_lab/experience-lab-data-F23/ros2/build/keystroke_input/build/lib/keystroke_input
[1.934s] copying keystroke_input/keystroke_publisher.py -> /Users/calvingott/experience_lab/experience-lab-data-F23/ros2/build/keystroke_input/build/lib/keystroke_input
[1.934s] copying keystroke_input/__init__.py -> /Users/calvingott/experience_lab/experience-lab-data-F23/ros2/build/keystroke_input/build/lib/keystroke_input
[1.934s] copying keystroke_input/keystroke_listener.py -> /Users/calvingott/experience_lab/experience-lab-data-F23/ros2/build/keystroke_input/build/lib/keystroke_input
[1.935s] running install
[1.935s] running install_lib
[1.937s] creating /Users/calvingott/experience_lab/experience-lab-data-F23/ros2/install/keystroke_input/lib/python3.10/site-packages/keystroke_input
[1.937s] copying /Users/calvingott/experience_lab/experience-lab-data-F23/ros2/build/keystroke_input/build/lib/keystroke_input/keystroke_publisher.py -> /Users/calvingott/experience_lab/experience-lab-data-F23/ros2/install/keystroke_input/lib/python3.10/site-packages/keystroke_input
[1.938s] copying /Users/calvingott/experience_lab/experience-lab-data-F23/ros2/build/keystroke_input/build/lib/keystroke_input/__init__.py -> /Users/calvingott/experience_lab/experience-lab-data-F23/ros2/install/keystroke_input/lib/python3.10/site-packages/keystroke_input
[1.938s] copying /Users/calvingott/experience_lab/experience-lab-data-F23/ros2/build/keystroke_input/build/lib/keystroke_input/keystroke_listener.py -> /Users/calvingott/experience_lab/experience-lab-data-F23/ros2/install/keystroke_input/lib/python3.10/site-packages/keystroke_input
[1.940s] byte-compiling /Users/calvingott/experience_lab/experience-lab-data-F23/ros2/install/keystroke_input/lib/python3.10/site-packages/keystroke_input/keystroke_publisher.py to keystroke_publisher.cpython-310.pyc
[1.942s] byte-compiling /Users/calvingott/experience_lab/experience-lab-data-F23/ros2/install/keystroke_input/lib/python3.10/site-packages/keystroke_input/__init__.py to __init__.cpython-310.pyc
[1.943s] byte-compiling /Users/calvingott/experience_lab/experience-lab-data-F23/ros2/install/keystroke_input/lib/python3.10/site-packages/keystroke_input/keystroke_listener.py to keystroke_listener.cpython-310.pyc
[1.944s] running install_data
[1.946s] creating /Users/calvingott/experience_lab/experience-lab-data-F23/ros2/install/keystroke_input/share/ament_index
[1.946s] creating /Users/calvingott/experience_lab/experience-lab-data-F23/ros2/install/keystroke_input/share/ament_index/resource_index
[1.947s] creating /Users/calvingott/experience_lab/experience-lab-data-F23/ros2/install/keystroke_input/share/ament_index/resource_index/packages
[1.947s] copying resource/keystroke_input -> /Users/calvingott/experience_lab/experience-lab-data-F23/ros2/install/keystroke_input/share/ament_index/resource_index/packages
[1.948s] copying package.xml -> /Users/calvingott/experience_lab/experience-lab-data-F23/ros2/install/keystroke_input/share/keystroke_input
[1.948s] running install_egg_info
[1.952s] Copying ../../build/keystroke_input/keystroke_input.egg-info to /Users/calvingott/experience_lab/experience-lab-data-F23/ros2/install/keystroke_input/lib/python3.10/site-packages/keystroke_input-0.0.0-py3.10.egg-info
[1.959s] running install_scripts
[2.029s] Installing keystroke_listener script to /Users/calvingott/experience_lab/experience-lab-data-F23/ros2/install/keystroke_input/lib/keystroke_input
[2.030s] Installing keystroke_publisher script to /Users/calvingott/experience_lab/experience-lab-data-F23/ros2/install/keystroke_input/lib/keystroke_input
[2.031s] writing list of installed files to '/Users/calvingott/experience_lab/experience-lab-data-F23/ros2/build/keystroke_input/install.log'
[2.118s] Invoked command in '/Users/calvingott/experience_lab/experience-lab-data-F23/ros2/src/keystroke_input' returned '0': CONDA_PROMPT_MODIFIER=(experience-lab) PYTHONPATH=/Users/calvingott/experience_lab/experience-lab-data-F23/ros2/build/keystroke_input/prefix_override:/Users/calvingott/experience_lab/experience-lab-data-F23/ros2/install/keystroke_input/lib/python3.10/site-packages:${PYTHONPATH} SHLVL=2 _=/usr/bin/env /usr/local/Caskroom/miniforge/base/envs/experience-lab/bin/python3.10 setup.py egg_info --egg-base ../../build/keystroke_input build --build-base /Users/calvingott/experience_lab/experience-lab-data-F23/ros2/build/keystroke_input/build install --record /Users/calvingott/experience_lab/experience-lab-data-F23/ros2/build/keystroke_input/install.log --single-version-externally-managed
