[0.384s] Invoking command in '/Users/calvingott/experience_lab/experience-lab-data-F23/ros/src/build/player_eye_tracking': CONDA_PROMPT_MODIFIER=(experience-lab) SHLVL=2 _=/usr/bin/env /usr/local/Caskroom/miniforge/base/envs/experience-lab/bin/cmake /Users/calvingott/experience_lab/experience-lab-data-F23/ros/src/player_eye_tracking -DCATKIN_INSTALL_INTO_PREFIX_ROOT=0 -DCMAKE_INSTALL_PREFIX=/Users/calvingott/experience_lab/experience-lab-data-F23/ros/src/install/player_eye_tracking
[2.466s] CMake Deprecation Warning at CMakeLists.txt:1 (cmake_minimum_required):
[2.466s]   Compatibility with CMake < 2.8.12 will be removed from a future version of
[2.467s]   CMake.
[2.467s] 
[2.467s]   Update the VERSION argument <min> value or use a ...<max> suffix to tell
[2.468s]   CMake that the project does not need compatibility with older versions.
[2.468s] 
[2.469s] 
[4.089s] -- The C compiler identification is AppleClang 14.0.3.14030022
[4.616s] -- The CXX compiler identification is AppleClang 14.0.3.14030022
[4.661s] -- Detecting C compiler ABI info
[5.593s] -- Detecting C compiler ABI info - done
[5.624s] -- Check for working C compiler: /Library/Developer/CommandLineTools/usr/bin/cc - skipped
[5.625s] -- Detecting C compile features
[5.628s] -- Detecting C compile features - done
[5.664s] -- Detecting CXX compiler ABI info
[6.604s] -- Detecting CXX compiler ABI info - done
[6.627s] -- Check for working CXX compiler: /Library/Developer/CommandLineTools/usr/bin/c++ - skipped
[6.627s] -- Detecting CXX compile features
[6.632s] -- Detecting CXX compile features - done
[6.834s] CMake Error at CMakeLists.txt:7 (find_package):
[6.835s]   By not providing "Findcatkin.cmake" in CMAKE_MODULE_PATH this project has
[6.835s]   asked CMake to find a package configuration file provided by "catkin", but
[6.836s]   CMake did not find one.
[6.836s] 
[6.836s]   Could not find a package configuration file provided by "catkin" with any
[6.836s]   of the following names:
[6.836s] 
[6.837s]     catkinConfig.cmake
[6.837s]     catkin-config.cmake
[6.837s] 
[6.837s]   Add the installation prefix of "catkin" to CMAKE_PREFIX_PATH or set
[6.837s]   "catkin_DIR" to a directory containing one of the above files.  If "catkin"
[6.838s]   provides a separate development package or SDK, be sure it has been
[6.838s]   installed.
[6.838s] 
[6.838s] 
[6.838s] -- Configuring incomplete, errors occurred!
[6.901s] Invoked command in '/Users/calvingott/experience_lab/experience-lab-data-F23/ros/src/build/player_eye_tracking' returned '1': CONDA_PROMPT_MODIFIER=(experience-lab) SHLVL=2 _=/usr/bin/env /usr/local/Caskroom/miniforge/base/envs/experience-lab/bin/cmake /Users/calvingott/experience_lab/experience-lab-data-F23/ros/src/player_eye_tracking -DCATKIN_INSTALL_INTO_PREFIX_ROOT=0 -DCMAKE_INSTALL_PREFIX=/Users/calvingott/experience_lab/experience-lab-data-F23/ros/src/install/player_eye_tracking
