[0.982s] [34mcolcon[0m [1;30mDEBUG[0m [32mCommand line arguments: ['/usr/local/Caskroom/miniforge/base/envs/experience-lab/bin/colcon', 'build'][0m
[0.982s] [34mcolcon[0m [1;30mDEBUG[0m [32mParsed command line arguments: Namespace(log_base=None, log_level=None, verb_name='build', build_base='build', install_base='install', merge_install=False, symlink_install=False, test_result_base=None, continue_on_error=False, executor='parallel', parallel_workers=8, event_handlers=None, ignore_user_meta=False, metas=['./colcon.meta'], base_paths=['.'], packages_ignore=None, packages_ignore_regex=None, paths=None, packages_up_to=None, packages_up_to_regex=None, packages_above=None, packages_above_and_dependencies=None, packages_above_depth=None, packages_select_by_dep=None, packages_skip_by_dep=None, packages_skip_up_to=None, packages_select_build_failed=False, packages_skip_build_finished=False, packages_select_test_failures=False, packages_skip_test_passed=False, packages_select=None, packages_skip=None, packages_select_regex=None, packages_skip_regex=None, packages_start=None, packages_end=None, cmake_args=None, cmake_target=None, cmake_target_skip_unavailable=False, cmake_clean_cache=False, cmake_clean_first=False, cmake_force_configure=False, ament_cmake_args=None, catkin_cmake_args=None, catkin_skip_building_tests=False, verb_parser=<colcon_defaults.argument_parser.defaults.DefaultArgumentsDecorator object at 0x105747fd0>, verb_extension=<colcon_core.verb.build.BuildVerb object at 0x105747a60>, main=<bound method BuildVerb.main of <colcon_core.verb.build.BuildVerb object at 0x105747a60>>)[0m
[1.045s] [34mcolcon.colcon_core.package_discovery[0m [1;30mLevel 1[0m discover_packages(colcon_meta) check parameters
[1.045s] [34mcolcon.colcon_core.package_discovery[0m [1;30mLevel 1[0m discover_packages(recursive) check parameters
[1.046s] [34mcolcon.colcon_core.package_discovery[0m [1;30mLevel 1[0m discover_packages(ignore) check parameters
[1.046s] [34mcolcon.colcon_core.package_discovery[0m [1;30mLevel 1[0m discover_packages(path) check parameters
[1.046s] [34mcolcon.colcon_core.package_discovery[0m [1;30mLevel 1[0m discover_packages(colcon_meta) discover
[1.046s] [34mcolcon.colcon_core.package_discovery[0m [1;30mLevel 1[0m discover_packages(recursive) discover
[1.046s] [34mcolcon.colcon_core.package_discovery[0m [1;30mINFO[0m Crawling recursively for packages in '/Users/calvingott/experience_lab/experience-lab-data-F23/ros2'
[1.046s] [34mcolcon.colcon_core.package_identification[0m [1;30mLevel 1[0m _identify(.) by extensions ['ignore', 'ignore_ament_install']
[1.046s] [34mcolcon.colcon_core.package_identification[0m [1;30mLevel 1[0m _identify(.) by extension 'ignore'
[1.046s] [34mcolcon.colcon_core.package_identification[0m [1;30mLevel 1[0m _identify(.) by extension 'ignore_ament_install'
[1.046s] [34mcolcon.colcon_core.package_identification[0m [1;30mLevel 1[0m _identify(.) by extensions ['colcon_pkg']
[1.047s] [34mcolcon.colcon_core.package_identification[0m [1;30mLevel 1[0m _identify(.) by extension 'colcon_pkg'
[1.047s] [34mcolcon.colcon_core.package_identification[0m [1;30mLevel 1[0m _identify(.) by extensions ['colcon_meta']
[1.047s] [34mcolcon.colcon_core.package_identification[0m [1;30mLevel 1[0m _identify(.) by extension 'colcon_meta'
[1.047s] [34mcolcon.colcon_core.package_identification[0m [1;30mLevel 1[0m _identify(.) by extensions ['ros']
[1.047s] [34mcolcon.colcon_core.package_identification[0m [1;30mLevel 1[0m _identify(.) by extension 'ros'
[1.084s] [34mcolcon.colcon_core.package_identification[0m [1;30mLevel 1[0m _identify(.) by extensions ['cmake', 'python']
[1.084s] [34mcolcon.colcon_core.package_identification[0m [1;30mLevel 1[0m _identify(.) by extension 'cmake'
[1.084s] [34mcolcon.colcon_core.package_identification[0m [1;30mLevel 1[0m _identify(.) by extension 'python'
[1.084s] [34mcolcon.colcon_core.package_identification[0m [1;30mLevel 1[0m _identify(.) by extensions ['python_setup_py']
[1.084s] [34mcolcon.colcon_core.package_identification[0m [1;30mLevel 1[0m _identify(.) by extension 'python_setup_py'
[1.085s] [34mcolcon.colcon_core.package_identification[0m [1;30mLevel 1[0m _identify(build) by extensions ['ignore', 'ignore_ament_install']
[1.085s] [34mcolcon.colcon_core.package_identification[0m [1;30mLevel 1[0m _identify(build) by extension 'ignore'
[1.085s] [34mcolcon.colcon_core.package_identification[0m [1;30mLevel 1[0m _identify(build) ignored
[1.085s] [34mcolcon.colcon_core.package_identification[0m [1;30mLevel 1[0m _identify(install) by extensions ['ignore', 'ignore_ament_install']
[1.085s] [34mcolcon.colcon_core.package_identification[0m [1;30mLevel 1[0m _identify(install) by extension 'ignore'
[1.086s] [34mcolcon.colcon_core.package_identification[0m [1;30mLevel 1[0m _identify(install) ignored
[1.086s] [34mcolcon.colcon_core.package_identification[0m [1;30mLevel 1[0m _identify(log) by extensions ['ignore', 'ignore_ament_install']
[1.086s] [34mcolcon.colcon_core.package_identification[0m [1;30mLevel 1[0m _identify(log) by extension 'ignore'
[1.086s] [34mcolcon.colcon_core.package_identification[0m [1;30mLevel 1[0m _identify(log) ignored
[1.086s] [34mcolcon.colcon_core.package_identification[0m [1;30mLevel 1[0m _identify(rosdep) by extensions ['ignore', 'ignore_ament_install']
[1.086s] [34mcolcon.colcon_core.package_identification[0m [1;30mLevel 1[0m _identify(rosdep) by extension 'ignore'
[1.087s] [34mcolcon.colcon_core.package_identification[0m [1;30mLevel 1[0m _identify(rosdep) by extension 'ignore_ament_install'
[1.087s] [34mcolcon.colcon_core.package_identification[0m [1;30mLevel 1[0m _identify(rosdep) by extensions ['colcon_pkg']
[1.087s] [34mcolcon.colcon_core.package_identification[0m [1;30mLevel 1[0m _identify(rosdep) by extension 'colcon_pkg'
[1.087s] [34mcolcon.colcon_core.package_identification[0m [1;30mLevel 1[0m _identify(rosdep) by extensions ['colcon_meta']
[1.087s] [34mcolcon.colcon_core.package_identification[0m [1;30mLevel 1[0m _identify(rosdep) by extension 'colcon_meta'
[1.087s] [34mcolcon.colcon_core.package_identification[0m [1;30mLevel 1[0m _identify(rosdep) by extensions ['ros']
[1.087s] [34mcolcon.colcon_core.package_identification[0m [1;30mLevel 1[0m _identify(rosdep) by extension 'ros'
[1.087s] [34mcolcon.colcon_core.package_identification[0m [1;30mLevel 1[0m _identify(rosdep) by extensions ['cmake', 'python']
[1.087s] [34mcolcon.colcon_core.package_identification[0m [1;30mLevel 1[0m _identify(rosdep) by extension 'cmake'
[1.087s] [34mcolcon.colcon_core.package_identification[0m [1;30mLevel 1[0m _identify(rosdep) by extension 'python'
[1.087s] [34mcolcon.colcon_core.package_identification[0m [1;30mLevel 1[0m _identify(rosdep) by extensions ['python_setup_py']
[1.087s] [34mcolcon.colcon_core.package_identification[0m [1;30mLevel 1[0m _identify(rosdep) by extension 'python_setup_py'
[1.088s] [34mcolcon.colcon_core.package_identification[0m [1;30mLevel 1[0m _identify(src) by extensions ['ignore', 'ignore_ament_install']
[1.088s] [34mcolcon.colcon_core.package_identification[0m [1;30mLevel 1[0m _identify(src) by extension 'ignore'
[1.088s] [34mcolcon.colcon_core.package_identification[0m [1;30mLevel 1[0m _identify(src) by extension 'ignore_ament_install'
[1.088s] [34mcolcon.colcon_core.package_identification[0m [1;30mLevel 1[0m _identify(src) by extensions ['colcon_pkg']
[1.088s] [34mcolcon.colcon_core.package_identification[0m [1;30mLevel 1[0m _identify(src) by extension 'colcon_pkg'
[1.088s] [34mcolcon.colcon_core.package_identification[0m [1;30mLevel 1[0m _identify(src) by extensions ['colcon_meta']
[1.088s] [34mcolcon.colcon_core.package_identification[0m [1;30mLevel 1[0m _identify(src) by extension 'colcon_meta'
[1.088s] [34mcolcon.colcon_core.package_identification[0m [1;30mLevel 1[0m _identify(src) by extensions ['ros']
[1.088s] [34mcolcon.colcon_core.package_identification[0m [1;30mLevel 1[0m _identify(src) by extension 'ros'
[1.089s] [34mcolcon.colcon_core.package_identification[0m [1;30mLevel 1[0m _identify(src) by extensions ['cmake', 'python']
[1.089s] [34mcolcon.colcon_core.package_identification[0m [1;30mLevel 1[0m _identify(src) by extension 'cmake'
[1.089s] [34mcolcon.colcon_core.package_identification[0m [1;30mLevel 1[0m _identify(src) by extension 'python'
[1.089s] [34mcolcon.colcon_core.package_identification[0m [1;30mLevel 1[0m _identify(src) by extensions ['python_setup_py']
[1.089s] [34mcolcon.colcon_core.package_identification[0m [1;30mLevel 1[0m _identify(src) by extension 'python_setup_py'
[1.089s] [34mcolcon.colcon_core.package_identification[0m [1;30mLevel 1[0m _identify(src/build) by extensions ['ignore', 'ignore_ament_install']
[1.089s] [34mcolcon.colcon_core.package_identification[0m [1;30mLevel 1[0m _identify(src/build) by extension 'ignore'
[1.089s] [34mcolcon.colcon_core.package_identification[0m [1;30mLevel 1[0m _identify(src/build) ignored
[1.090s] [34mcolcon.colcon_core.package_identification[0m [1;30mLevel 1[0m _identify(src/hello_world) by extensions ['ignore', 'ignore_ament_install']
[1.090s] [34mcolcon.colcon_core.package_identification[0m [1;30mLevel 1[0m _identify(src/hello_world) by extension 'ignore'
[1.090s] [34mcolcon.colcon_core.package_identification[0m [1;30mLevel 1[0m _identify(src/hello_world) by extension 'ignore_ament_install'
[1.090s] [34mcolcon.colcon_core.package_identification[0m [1;30mLevel 1[0m _identify(src/hello_world) by extensions ['colcon_pkg']
[1.090s] [34mcolcon.colcon_core.package_identification[0m [1;30mLevel 1[0m _identify(src/hello_world) by extension 'colcon_pkg'
[1.090s] [34mcolcon.colcon_core.package_identification[0m [1;30mLevel 1[0m _identify(src/hello_world) by extensions ['colcon_meta']
[1.090s] [34mcolcon.colcon_core.package_identification[0m [1;30mLevel 1[0m _identify(src/hello_world) by extension 'colcon_meta'
[1.090s] [34mcolcon.colcon_core.package_identification[0m [1;30mLevel 1[0m _identify(src/hello_world) by extensions ['ros']
[1.090s] [34mcolcon.colcon_core.package_identification[0m [1;30mLevel 1[0m _identify(src/hello_world) by extension 'ros'
[1.094s] [34mcolcon.colcon_core.package_identification[0m [1;30mDEBUG[0m [32mPackage 'src/hello_world' with type 'ros.ament_python' and name 'hello_world'[0m
[1.095s] [34mcolcon.colcon_core.package_identification[0m [1;30mLevel 1[0m _identify(src/install) by extensions ['ignore', 'ignore_ament_install']
[1.095s] [34mcolcon.colcon_core.package_identification[0m [1;30mLevel 1[0m _identify(src/install) by extension 'ignore'
[1.095s] [34mcolcon.colcon_core.package_identification[0m [1;30mLevel 1[0m _identify(src/install) ignored
[1.095s] [34mcolcon.colcon_core.package_identification[0m [1;30mLevel 1[0m _identify(src/keystroke_input) by extensions ['ignore', 'ignore_ament_install']
[1.095s] [34mcolcon.colcon_core.package_identification[0m [1;30mLevel 1[0m _identify(src/keystroke_input) by extension 'ignore'
[1.095s] [34mcolcon.colcon_core.package_identification[0m [1;30mLevel 1[0m _identify(src/keystroke_input) by extension 'ignore_ament_install'
[1.096s] [34mcolcon.colcon_core.package_identification[0m [1;30mLevel 1[0m _identify(src/keystroke_input) by extensions ['colcon_pkg']
[1.096s] [34mcolcon.colcon_core.package_identification[0m [1;30mLevel 1[0m _identify(src/keystroke_input) by extension 'colcon_pkg'
[1.096s] [34mcolcon.colcon_core.package_identification[0m [1;30mLevel 1[0m _identify(src/keystroke_input) by extensions ['colcon_meta']
[1.096s] [34mcolcon.colcon_core.package_identification[0m [1;30mLevel 1[0m _identify(src/keystroke_input) by extension 'colcon_meta'
[1.096s] [34mcolcon.colcon_core.package_identification[0m [1;30mLevel 1[0m _identify(src/keystroke_input) by extensions ['ros']
[1.096s] [34mcolcon.colcon_core.package_identification[0m [1;30mLevel 1[0m _identify(src/keystroke_input) by extension 'ros'
[1.097s] [34mcolcon.colcon_core.package_identification[0m [1;30mDEBUG[0m [32mPackage 'src/keystroke_input' with type 'ros.ament_python' and name 'keystroke_input'[0m
[1.097s] [34mcolcon.colcon_core.package_identification[0m [1;30mLevel 1[0m _identify(src/log) by extensions ['ignore', 'ignore_ament_install']
[1.097s] [34mcolcon.colcon_core.package_identification[0m [1;30mLevel 1[0m _identify(src/log) by extension 'ignore'
[1.098s] [34mcolcon.colcon_core.package_identification[0m [1;30mLevel 1[0m _identify(src/log) ignored
[1.098s] [34mcolcon.colcon_core.package_discovery[0m [1;30mLevel 1[0m discover_packages(recursive) using defaults
[1.098s] [34mcolcon.colcon_core.package_discovery[0m [1;30mLevel 1[0m discover_packages(ignore) discover
[1.098s] [34mcolcon.colcon_core.package_discovery[0m [1;30mLevel 1[0m discover_packages(ignore) using defaults
[1.098s] [34mcolcon.colcon_core.package_discovery[0m [1;30mLevel 1[0m discover_packages(path) discover
[1.098s] [34mcolcon.colcon_core.package_discovery[0m [1;30mLevel 1[0m discover_packages(path) using defaults
[1.173s] [34mcolcon.colcon_core.verb[0m [1;30mLevel 5[0m set package 'hello_world' build argument 'cmake_args' from command line to 'None'
[1.173s] [34mcolcon.colcon_core.verb[0m [1;30mLevel 5[0m set package 'hello_world' build argument 'cmake_target' from command line to 'None'
[1.173s] [34mcolcon.colcon_core.verb[0m [1;30mLevel 5[0m set package 'hello_world' build argument 'cmake_target_skip_unavailable' from command line to 'False'
[1.173s] [34mcolcon.colcon_core.verb[0m [1;30mLevel 5[0m set package 'hello_world' build argument 'cmake_clean_cache' from command line to 'False'
[1.173s] [34mcolcon.colcon_core.verb[0m [1;30mLevel 5[0m set package 'hello_world' build argument 'cmake_clean_first' from command line to 'False'
[1.173s] [34mcolcon.colcon_core.verb[0m [1;30mLevel 5[0m set package 'hello_world' build argument 'cmake_force_configure' from command line to 'False'
[1.173s] [34mcolcon.colcon_core.verb[0m [1;30mLevel 5[0m set package 'hello_world' build argument 'ament_cmake_args' from command line to 'None'
[1.173s] [34mcolcon.colcon_core.verb[0m [1;30mLevel 5[0m set package 'hello_world' build argument 'catkin_cmake_args' from command line to 'None'
[1.173s] [34mcolcon.colcon_core.verb[0m [1;30mLevel 5[0m set package 'hello_world' build argument 'catkin_skip_building_tests' from command line to 'False'
[1.173s] [34mcolcon.colcon_core.verb[0m [1;30mDEBUG[0m [32mBuilding package 'hello_world' with the following arguments: {'ament_cmake_args': None, 'build_base': '/Users/calvingott/experience_lab/experience-lab-data-F23/ros2/build/hello_world', 'catkin_cmake_args': None, 'catkin_skip_building_tests': False, 'cmake_args': None, 'cmake_clean_cache': False, 'cmake_clean_first': False, 'cmake_force_configure': False, 'cmake_target': None, 'cmake_target_skip_unavailable': False, 'install_base': '/Users/calvingott/experience_lab/experience-lab-data-F23/ros2/install/hello_world', 'merge_install': False, 'path': '/Users/calvingott/experience_lab/experience-lab-data-F23/ros2/src/hello_world', 'symlink_install': False, 'test_result_base': None}[0m
[1.187s] [34mcolcon.colcon_core.verb[0m [1;30mLevel 5[0m set package 'keystroke_input' build argument 'cmake_args' from command line to 'None'
[1.187s] [34mcolcon.colcon_core.verb[0m [1;30mLevel 5[0m set package 'keystroke_input' build argument 'cmake_target' from command line to 'None'
[1.187s] [34mcolcon.colcon_core.verb[0m [1;30mLevel 5[0m set package 'keystroke_input' build argument 'cmake_target_skip_unavailable' from command line to 'False'
[1.187s] [34mcolcon.colcon_core.verb[0m [1;30mLevel 5[0m set package 'keystroke_input' build argument 'cmake_clean_cache' from command line to 'False'
[1.187s] [34mcolcon.colcon_core.verb[0m [1;30mLevel 5[0m set package 'keystroke_input' build argument 'cmake_clean_first' from command line to 'False'
[1.187s] [34mcolcon.colcon_core.verb[0m [1;30mLevel 5[0m set package 'keystroke_input' build argument 'cmake_force_configure' from command line to 'False'
[1.187s] [34mcolcon.colcon_core.verb[0m [1;30mLevel 5[0m set package 'keystroke_input' build argument 'ament_cmake_args' from command line to 'None'
[1.187s] [34mcolcon.colcon_core.verb[0m [1;30mLevel 5[0m set package 'keystroke_input' build argument 'catkin_cmake_args' from command line to 'None'
[1.187s] [34mcolcon.colcon_core.verb[0m [1;30mLevel 5[0m set package 'keystroke_input' build argument 'catkin_skip_building_tests' from command line to 'False'
[1.187s] [34mcolcon.colcon_core.verb[0m [1;30mDEBUG[0m [32mBuilding package 'keystroke_input' with the following arguments: {'ament_cmake_args': None, 'build_base': '/Users/calvingott/experience_lab/experience-lab-data-F23/ros2/build/keystroke_input', 'catkin_cmake_args': None, 'catkin_skip_building_tests': False, 'cmake_args': None, 'cmake_clean_cache': False, 'cmake_clean_first': False, 'cmake_force_configure': False, 'cmake_target': None, 'cmake_target_skip_unavailable': False, 'install_base': '/Users/calvingott/experience_lab/experience-lab-data-F23/ros2/install/keystroke_input', 'merge_install': False, 'path': '/Users/calvingott/experience_lab/experience-lab-data-F23/ros2/src/keystroke_input', 'symlink_install': False, 'test_result_base': None}[0m
[1.191s] [34mcolcon.colcon_core.executor[0m [1;30mINFO[0m Executing jobs using 'parallel' executor
[1.207s] [34mcolcon.colcon_parallel_executor.executor.parallel[0m [1;30mDEBUG[0m [32mrun_until_complete[0m
[1.208s] [34mcolcon.colcon_ros.task.ament_python.build[0m [1;30mINFO[0m Building ROS package in '/Users/calvingott/experience_lab/experience-lab-data-F23/ros2/src/hello_world' with build type 'ament_python'
[1.208s] [34mcolcon.colcon_core.shell[0m [1;30mLevel 1[0m create_environment_hook('hello_world', 'ament_prefix_path')
[1.238s] [34mcolcon.colcon_core.plugin_system[0m [1;30mINFO[0m Skipping extension 'colcon_core.shell.bat': Not used on non-Windows systems
[1.238s] [34mcolcon.colcon_core.shell[0m [1;30mINFO[0m Creating environment hook '/Users/calvingott/experience_lab/experience-lab-data-F23/ros2/install/hello_world/share/hello_world/hook/ament_prefix_path.ps1'
[1.240s] [34mcolcon.colcon_core.shell[0m [1;30mINFO[0m Creating environment descriptor '/Users/calvingott/experience_lab/experience-lab-data-F23/ros2/install/hello_world/share/hello_world/hook/ament_prefix_path.dsv'
[1.240s] [34mcolcon.colcon_core.shell[0m [1;30mINFO[0m Creating environment hook '/Users/calvingott/experience_lab/experience-lab-data-F23/ros2/install/hello_world/share/hello_world/hook/ament_prefix_path.sh'
[1.251s] [34mcolcon.colcon_core.shell[0m [1;30mINFO[0m Skip shell extension 'powershell' for command environment: Not usable outside of PowerShell
[1.251s] [34mcolcon.colcon_core.shell[0m [1;30mDEBUG[0m [32mSkip shell extension 'dsv' for command environment[0m
[1.284s] [34mcolcon.colcon_ros.task.ament_python.build[0m [1;30mINFO[0m Building ROS package in '/Users/calvingott/experience_lab/experience-lab-data-F23/ros2/src/keystroke_input' with build type 'ament_python'
[1.285s] [34mcolcon.colcon_core.shell[0m [1;30mLevel 1[0m create_environment_hook('keystroke_input', 'ament_prefix_path')
[1.295s] [34mcolcon.colcon_core.shell[0m [1;30mINFO[0m Creating environment hook '/Users/calvingott/experience_lab/experience-lab-data-F23/ros2/install/keystroke_input/share/keystroke_input/hook/ament_prefix_path.ps1'
[1.297s] [34mcolcon.colcon_core.shell[0m [1;30mINFO[0m Creating environment descriptor '/Users/calvingott/experience_lab/experience-lab-data-F23/ros2/install/keystroke_input/share/keystroke_input/hook/ament_prefix_path.dsv'
[1.298s] [34mcolcon.colcon_core.shell[0m [1;30mINFO[0m Creating environment hook '/Users/calvingott/experience_lab/experience-lab-data-F23/ros2/install/keystroke_input/share/keystroke_input/hook/ament_prefix_path.sh'
[1.308s] [34mcolcon.colcon_core.shell[0m [1;30mINFO[0m Skip shell extension 'powershell' for command environment: Not usable outside of PowerShell
[1.308s] [34mcolcon.colcon_core.shell[0m [1;30mDEBUG[0m [32mSkip shell extension 'dsv' for command environment[0m
[1.832s] [34mcolcon.colcon_core.task.python.build[0m [1;30mINFO[0m Building Python package in '/Users/calvingott/experience_lab/experience-lab-data-F23/ros2/src/hello_world'
[1.842s] [34mcolcon.colcon_core.shell[0m [1;30mINFO[0m Skip shell extension 'powershell' for command environment: Not usable outside of PowerShell
[1.843s] [34mcolcon.colcon_core.shell[0m [1;30mDEBUG[0m [32mSkip shell extension 'dsv' for command environment[0m
[2.356s] [34mcolcon.colcon_core.task.python.build[0m [1;30mINFO[0m Building Python package in '/Users/calvingott/experience_lab/experience-lab-data-F23/ros2/src/keystroke_input'
[2.367s] [34mcolcon.colcon_core.shell[0m [1;30mINFO[0m Skip shell extension 'powershell' for command environment: Not usable outside of PowerShell
[2.367s] [34mcolcon.colcon_core.shell[0m [1;30mDEBUG[0m [32mSkip shell extension 'dsv' for command environment[0m
[3.086s] [34mcolcon.colcon_core.event_handler.log_command[0m [1;30mDEBUG[0m [32mInvoking command in '/Users/calvingott/experience_lab/experience-lab-data-F23/ros2/src/hello_world': CONDA_PROMPT_MODIFIER=(experience-lab) PYTHONPATH=/Users/calvingott/experience_lab/experience-lab-data-F23/ros2/build/hello_world/prefix_override:/Users/calvingott/experience_lab/experience-lab-data-F23/ros2/install/hello_world/lib/python3.10/site-packages:${PYTHONPATH} SHLVL=2 _=/usr/bin/env /usr/local/Caskroom/miniforge/base/envs/experience-lab/bin/python3.10 setup.py egg_info --egg-base ../../build/hello_world build --build-base /Users/calvingott/experience_lab/experience-lab-data-F23/ros2/build/hello_world/build install --record /Users/calvingott/experience_lab/experience-lab-data-F23/ros2/build/hello_world/install.log --single-version-externally-managed[0m
[3.096s] [34mcolcon.colcon_core.event_handler.log_command[0m [1;30mDEBUG[0m [32mInvoking command in '/Users/calvingott/experience_lab/experience-lab-data-F23/ros2/src/keystroke_input': CONDA_PROMPT_MODIFIER=(experience-lab) PYTHONPATH=/Users/calvingott/experience_lab/experience-lab-data-F23/ros2/build/keystroke_input/prefix_override:/Users/calvingott/experience_lab/experience-lab-data-F23/ros2/install/keystroke_input/lib/python3.10/site-packages:${PYTHONPATH} SHLVL=2 _=/usr/bin/env /usr/local/Caskroom/miniforge/base/envs/experience-lab/bin/python3.10 setup.py egg_info --egg-base ../../build/keystroke_input build --build-base /Users/calvingott/experience_lab/experience-lab-data-F23/ros2/build/keystroke_input/build install --record /Users/calvingott/experience_lab/experience-lab-data-F23/ros2/build/keystroke_input/install.log --single-version-externally-managed[0m
[3.766s] [34mcolcon.colcon_core.event_handler.log_command[0m [1;30mDEBUG[0m [32mInvoked command in '/Users/calvingott/experience_lab/experience-lab-data-F23/ros2/src/hello_world' returned '0': CONDA_PROMPT_MODIFIER=(experience-lab) PYTHONPATH=/Users/calvingott/experience_lab/experience-lab-data-F23/ros2/build/hello_world/prefix_override:/Users/calvingott/experience_lab/experience-lab-data-F23/ros2/install/hello_world/lib/python3.10/site-packages:${PYTHONPATH} SHLVL=2 _=/usr/bin/env /usr/local/Caskroom/miniforge/base/envs/experience-lab/bin/python3.10 setup.py egg_info --egg-base ../../build/hello_world build --build-base /Users/calvingott/experience_lab/experience-lab-data-F23/ros2/build/hello_world/build install --record /Users/calvingott/experience_lab/experience-lab-data-F23/ros2/build/hello_world/install.log --single-version-externally-managed[0m
[3.805s] [34mcolcon.colcon_core.environment[0m [1;30mLevel 1[0m checking '/Users/calvingott/experience_lab/experience-lab-data-F23/ros2/install/hello_world' for CMake module files
[3.806s] [34mcolcon.colcon_core.environment[0m [1;30mLevel 1[0m checking '/Users/calvingott/experience_lab/experience-lab-data-F23/ros2/install/hello_world' for CMake config files
[3.809s] [34mcolcon.colcon_core.environment[0m [1;30mLevel 1[0m checking '/Users/calvingott/experience_lab/experience-lab-data-F23/ros2/install/hello_world/lib'
[3.810s] [34mcolcon.colcon_core.environment[0m [1;30mLevel 1[0m checking '/Users/calvingott/experience_lab/experience-lab-data-F23/ros2/install/hello_world/bin'
[3.811s] [34mcolcon.colcon_core.environment[0m [1;30mLevel 1[0m checking '/Users/calvingott/experience_lab/experience-lab-data-F23/ros2/install/hello_world/lib/pkgconfig/hello_world.pc'
[3.812s] [34mcolcon.colcon_core.environment[0m [1;30mLevel 1[0m checking '/Users/calvingott/experience_lab/experience-lab-data-F23/ros2/install/hello_world/lib/python3.10/site-packages'
[3.812s] [34mcolcon.colcon_core.shell[0m [1;30mLevel 1[0m create_environment_hook('hello_world', 'pythonpath')
[3.830s] [34mcolcon.colcon_core.shell[0m [1;30mINFO[0m Creating environment hook '/Users/calvingott/experience_lab/experience-lab-data-F23/ros2/install/hello_world/share/hello_world/hook/pythonpath.ps1'
[3.832s] [34mcolcon.colcon_core.shell[0m [1;30mINFO[0m Creating environment descriptor '/Users/calvingott/experience_lab/experience-lab-data-F23/ros2/install/hello_world/share/hello_world/hook/pythonpath.dsv'
[3.834s] [34mcolcon.colcon_core.shell[0m [1;30mINFO[0m Creating environment hook '/Users/calvingott/experience_lab/experience-lab-data-F23/ros2/install/hello_world/share/hello_world/hook/pythonpath.sh'
[3.836s] [34mcolcon.colcon_core.environment[0m [1;30mLevel 1[0m checking '/Users/calvingott/experience_lab/experience-lab-data-F23/ros2/install/hello_world/bin'
[3.836s] [34mcolcon.colcon_core.environment[0m [1;30mLevel 1[0m create_environment_scripts_only(hello_world)
[3.854s] [34mcolcon.colcon_core.shell[0m [1;30mINFO[0m Creating package script '/Users/calvingott/experience_lab/experience-lab-data-F23/ros2/install/hello_world/share/hello_world/package.ps1'
[3.857s] [34mcolcon.colcon_core.shell[0m [1;30mINFO[0m Creating package descriptor '/Users/calvingott/experience_lab/experience-lab-data-F23/ros2/install/hello_world/share/hello_world/package.dsv'
[3.859s] [34mcolcon.colcon_core.shell[0m [1;30mINFO[0m Creating package script '/Users/calvingott/experience_lab/experience-lab-data-F23/ros2/install/hello_world/share/hello_world/package.sh'
[3.863s] [34mcolcon.colcon_core.shell[0m [1;30mINFO[0m Creating package script '/Users/calvingott/experience_lab/experience-lab-data-F23/ros2/install/hello_world/share/hello_world/package.bash'
[3.865s] [34mcolcon.colcon_core.shell[0m [1;30mINFO[0m Creating package script '/Users/calvingott/experience_lab/experience-lab-data-F23/ros2/install/hello_world/share/hello_world/package.zsh'
[3.868s] [34mcolcon.colcon_core.environment[0m [1;30mLevel 1[0m create_file_with_runtime_dependencies(/Users/calvingott/experience_lab/experience-lab-data-F23/ros2/install/hello_world/share/colcon-core/packages/hello_world)
[3.879s] [34mcolcon.colcon_core.event_handler.log_command[0m [1;30mDEBUG[0m [32mInvoked command in '/Users/calvingott/experience_lab/experience-lab-data-F23/ros2/src/keystroke_input' returned '0': CONDA_PROMPT_MODIFIER=(experience-lab) PYTHONPATH=/Users/calvingott/experience_lab/experience-lab-data-F23/ros2/build/keystroke_input/prefix_override:/Users/calvingott/experience_lab/experience-lab-data-F23/ros2/install/keystroke_input/lib/python3.10/site-packages:${PYTHONPATH} SHLVL=2 _=/usr/bin/env /usr/local/Caskroom/miniforge/base/envs/experience-lab/bin/python3.10 setup.py egg_info --egg-base ../../build/keystroke_input build --build-base /Users/calvingott/experience_lab/experience-lab-data-F23/ros2/build/keystroke_input/build install --record /Users/calvingott/experience_lab/experience-lab-data-F23/ros2/build/keystroke_input/install.log --single-version-externally-managed[0m
[3.897s] [34mcolcon.colcon_core.environment[0m [1;30mLevel 1[0m checking '/Users/calvingott/experience_lab/experience-lab-data-F23/ros2/install/keystroke_input' for CMake module files
[3.898s] [34mcolcon.colcon_core.environment[0m [1;30mLevel 1[0m checking '/Users/calvingott/experience_lab/experience-lab-data-F23/ros2/install/keystroke_input' for CMake config files
[3.900s] [34mcolcon.colcon_core.environment[0m [1;30mLevel 1[0m checking '/Users/calvingott/experience_lab/experience-lab-data-F23/ros2/install/keystroke_input/lib'
[3.900s] [34mcolcon.colcon_core.environment[0m [1;30mLevel 1[0m checking '/Users/calvingott/experience_lab/experience-lab-data-F23/ros2/install/keystroke_input/bin'
[3.900s] [34mcolcon.colcon_core.environment[0m [1;30mLevel 1[0m checking '/Users/calvingott/experience_lab/experience-lab-data-F23/ros2/install/keystroke_input/lib/pkgconfig/keystroke_input.pc'
[3.901s] [34mcolcon.colcon_core.environment[0m [1;30mLevel 1[0m checking '/Users/calvingott/experience_lab/experience-lab-data-F23/ros2/install/keystroke_input/lib/python3.10/site-packages'
[3.901s] [34mcolcon.colcon_core.shell[0m [1;30mLevel 1[0m create_environment_hook('keystroke_input', 'pythonpath')
[3.919s] [34mcolcon.colcon_core.shell[0m [1;30mINFO[0m Creating environment hook '/Users/calvingott/experience_lab/experience-lab-data-F23/ros2/install/keystroke_input/share/keystroke_input/hook/pythonpath.ps1'
[3.921s] [34mcolcon.colcon_core.shell[0m [1;30mINFO[0m Creating environment descriptor '/Users/calvingott/experience_lab/experience-lab-data-F23/ros2/install/keystroke_input/share/keystroke_input/hook/pythonpath.dsv'
[3.922s] [34mcolcon.colcon_core.shell[0m [1;30mINFO[0m Creating environment hook '/Users/calvingott/experience_lab/experience-lab-data-F23/ros2/install/keystroke_input/share/keystroke_input/hook/pythonpath.sh'
[3.924s] [34mcolcon.colcon_core.environment[0m [1;30mLevel 1[0m checking '/Users/calvingott/experience_lab/experience-lab-data-F23/ros2/install/keystroke_input/bin'
[3.924s] [34mcolcon.colcon_core.environment[0m [1;30mLevel 1[0m create_environment_scripts_only(keystroke_input)
[3.942s] [34mcolcon.colcon_core.shell[0m [1;30mINFO[0m Creating package script '/Users/calvingott/experience_lab/experience-lab-data-F23/ros2/install/keystroke_input/share/keystroke_input/package.ps1'
[3.944s] [34mcolcon.colcon_core.shell[0m [1;30mINFO[0m Creating package descriptor '/Users/calvingott/experience_lab/experience-lab-data-F23/ros2/install/keystroke_input/share/keystroke_input/package.dsv'
[3.945s] [34mcolcon.colcon_core.shell[0m [1;30mINFO[0m Creating package script '/Users/calvingott/experience_lab/experience-lab-data-F23/ros2/install/keystroke_input/share/keystroke_input/package.sh'
[3.947s] [34mcolcon.colcon_core.shell[0m [1;30mINFO[0m Creating package script '/Users/calvingott/experience_lab/experience-lab-data-F23/ros2/install/keystroke_input/share/keystroke_input/package.bash'
[3.948s] [34mcolcon.colcon_core.shell[0m [1;30mINFO[0m Creating package script '/Users/calvingott/experience_lab/experience-lab-data-F23/ros2/install/keystroke_input/share/keystroke_input/package.zsh'
[3.950s] [34mcolcon.colcon_core.environment[0m [1;30mLevel 1[0m create_file_with_runtime_dependencies(/Users/calvingott/experience_lab/experience-lab-data-F23/ros2/install/keystroke_input/share/colcon-core/packages/keystroke_input)
[3.951s] [34mcolcon.colcon_parallel_executor.executor.parallel[0m [1;30mDEBUG[0m [32mclosing loop[0m
[3.952s] [34mcolcon.colcon_parallel_executor.executor.parallel[0m [1;30mDEBUG[0m [32mloop closed[0m
[3.952s] [34mcolcon.colcon_parallel_executor.executor.parallel[0m [1;30mDEBUG[0m [32mrun_until_complete finished with '0'[0m
[3.952s] [34mcolcon.colcon_core.event_reactor[0m [1;30mDEBUG[0m [32mjoining thread[0m
[3.953s] [34mcolcon.colcon_core.event_reactor[0m [1;30mDEBUG[0m [32mjoined thread[0m
[3.970s] [34mcolcon.colcon_core.shell[0m [1;30mINFO[0m Creating prefix script '/Users/calvingott/experience_lab/experience-lab-data-F23/ros2/install/local_setup.ps1'
[3.973s] [34mcolcon.colcon_core.shell[0m [1;30mINFO[0m Creating prefix util module '/Users/calvingott/experience_lab/experience-lab-data-F23/ros2/install/_local_setup_util_ps1.py'
[3.977s] [34mcolcon.colcon_core.shell[0m [1;30mINFO[0m Creating prefix chain script '/Users/calvingott/experience_lab/experience-lab-data-F23/ros2/install/setup.ps1'
[3.992s] [34mcolcon.colcon_core.shell[0m [1;30mINFO[0m Creating prefix script '/Users/calvingott/experience_lab/experience-lab-data-F23/ros2/install/local_setup.sh'
[3.994s] [34mcolcon.colcon_core.shell[0m [1;30mINFO[0m Creating prefix util module '/Users/calvingott/experience_lab/experience-lab-data-F23/ros2/install/_local_setup_util_sh.py'
[3.996s] [34mcolcon.colcon_core.shell[0m [1;30mINFO[0m Creating prefix chain script '/Users/calvingott/experience_lab/experience-lab-data-F23/ros2/install/setup.sh'
[4.011s] [34mcolcon.colcon_core.shell[0m [1;30mINFO[0m Creating prefix script '/Users/calvingott/experience_lab/experience-lab-data-F23/ros2/install/local_setup.bash'
[4.013s] [34mcolcon.colcon_core.shell[0m [1;30mINFO[0m Creating prefix chain script '/Users/calvingott/experience_lab/experience-lab-data-F23/ros2/install/setup.bash'
[4.029s] [34mcolcon.colcon_core.shell[0m [1;30mINFO[0m Creating prefix script '/Users/calvingott/experience_lab/experience-lab-data-F23/ros2/install/local_setup.zsh'
[4.031s] [34mcolcon.colcon_core.shell[0m [1;30mINFO[0m Creating prefix chain script '/Users/calvingott/experience_lab/experience-lab-data-F23/ros2/install/setup.zsh'
