[0.944s] [34mcolcon[0m [1;30mDEBUG[0m [32mCommand line arguments: ['/usr/local/Caskroom/miniforge/base/envs/experience-lab/bin/colcon', 'build'][0m
[0.944s] [34mcolcon[0m [1;30mDEBUG[0m [32mParsed command line arguments: Namespace(log_base=None, log_level=None, verb_name='build', build_base='build', install_base='install', merge_install=False, symlink_install=False, test_result_base=None, continue_on_error=False, executor='parallel', parallel_workers=8, event_handlers=None, ignore_user_meta=False, metas=['./colcon.meta'], base_paths=['.'], packages_ignore=None, packages_ignore_regex=None, paths=None, packages_up_to=None, packages_up_to_regex=None, packages_above=None, packages_above_and_dependencies=None, packages_above_depth=None, packages_select_by_dep=None, packages_skip_by_dep=None, packages_skip_up_to=None, packages_select_build_failed=False, packages_skip_build_finished=False, packages_select_test_failures=False, packages_skip_test_passed=False, packages_select=None, packages_skip=None, packages_select_regex=None, packages_skip_regex=None, packages_start=None, packages_end=None, cmake_args=None, cmake_target=None, cmake_target_skip_unavailable=False, cmake_clean_cache=False, cmake_clean_first=False, cmake_force_configure=False, ament_cmake_args=None, catkin_cmake_args=None, catkin_skip_building_tests=False, verb_parser=<colcon_defaults.argument_parser.defaults.DefaultArgumentsDecorator object at 0x10df4ffd0>, verb_extension=<colcon_core.verb.build.BuildVerb object at 0x10df4fa60>, main=<bound method BuildVerb.main of <colcon_core.verb.build.BuildVerb object at 0x10df4fa60>>)[0m
[1.007s] [34mcolcon.colcon_core.package_discovery[0m [1;30mLevel 1[0m discover_packages(colcon_meta) check parameters
[1.007s] [34mcolcon.colcon_core.package_discovery[0m [1;30mLevel 1[0m discover_packages(recursive) check parameters
[1.007s] [34mcolcon.colcon_core.package_discovery[0m [1;30mLevel 1[0m discover_packages(ignore) check parameters
[1.007s] [34mcolcon.colcon_core.package_discovery[0m [1;30mLevel 1[0m discover_packages(path) check parameters
[1.007s] [34mcolcon.colcon_core.package_discovery[0m [1;30mLevel 1[0m discover_packages(colcon_meta) discover
[1.007s] [34mcolcon.colcon_core.package_discovery[0m [1;30mLevel 1[0m discover_packages(recursive) discover
[1.007s] [34mcolcon.colcon_core.package_discovery[0m [1;30mINFO[0m Crawling recursively for packages in '/Users/calvingott/experience_lab/experience-lab-data-F23/ros2/src'
[1.008s] [34mcolcon.colcon_core.package_identification[0m [1;30mLevel 1[0m _identify(.) by extensions ['ignore', 'ignore_ament_install']
[1.008s] [34mcolcon.colcon_core.package_identification[0m [1;30mLevel 1[0m _identify(.) by extension 'ignore'
[1.008s] [34mcolcon.colcon_core.package_identification[0m [1;30mLevel 1[0m _identify(.) by extension 'ignore_ament_install'
[1.008s] [34mcolcon.colcon_core.package_identification[0m [1;30mLevel 1[0m _identify(.) by extensions ['colcon_pkg']
[1.008s] [34mcolcon.colcon_core.package_identification[0m [1;30mLevel 1[0m _identify(.) by extension 'colcon_pkg'
[1.008s] [34mcolcon.colcon_core.package_identification[0m [1;30mLevel 1[0m _identify(.) by extensions ['colcon_meta']
[1.008s] [34mcolcon.colcon_core.package_identification[0m [1;30mLevel 1[0m _identify(.) by extension 'colcon_meta'
[1.008s] [34mcolcon.colcon_core.package_identification[0m [1;30mLevel 1[0m _identify(.) by extensions ['ros']
[1.008s] [34mcolcon.colcon_core.package_identification[0m [1;30mLevel 1[0m _identify(.) by extension 'ros'
[1.045s] [34mcolcon.colcon_core.package_identification[0m [1;30mLevel 1[0m _identify(.) by extensions ['cmake', 'python']
[1.045s] [34mcolcon.colcon_core.package_identification[0m [1;30mLevel 1[0m _identify(.) by extension 'cmake'
[1.045s] [34mcolcon.colcon_core.package_identification[0m [1;30mLevel 1[0m _identify(.) by extension 'python'
[1.045s] [34mcolcon.colcon_core.package_identification[0m [1;30mLevel 1[0m _identify(.) by extensions ['python_setup_py']
[1.045s] [34mcolcon.colcon_core.package_identification[0m [1;30mLevel 1[0m _identify(.) by extension 'python_setup_py'
[1.046s] [34mcolcon.colcon_core.package_identification[0m [1;30mLevel 1[0m _identify(build) by extensions ['ignore', 'ignore_ament_install']
[1.046s] [34mcolcon.colcon_core.package_identification[0m [1;30mLevel 1[0m _identify(build) by extension 'ignore'
[1.046s] [34mcolcon.colcon_core.package_identification[0m [1;30mLevel 1[0m _identify(build) ignored
[1.046s] [34mcolcon.colcon_core.package_identification[0m [1;30mLevel 1[0m _identify(hello_world) by extensions ['ignore', 'ignore_ament_install']
[1.046s] [34mcolcon.colcon_core.package_identification[0m [1;30mLevel 1[0m _identify(hello_world) by extension 'ignore'
[1.046s] [34mcolcon.colcon_core.package_identification[0m [1;30mLevel 1[0m _identify(hello_world) by extension 'ignore_ament_install'
[1.046s] [34mcolcon.colcon_core.package_identification[0m [1;30mLevel 1[0m _identify(hello_world) by extensions ['colcon_pkg']
[1.047s] [34mcolcon.colcon_core.package_identification[0m [1;30mLevel 1[0m _identify(hello_world) by extension 'colcon_pkg'
[1.047s] [34mcolcon.colcon_core.package_identification[0m [1;30mLevel 1[0m _identify(hello_world) by extensions ['colcon_meta']
[1.047s] [34mcolcon.colcon_core.package_identification[0m [1;30mLevel 1[0m _identify(hello_world) by extension 'colcon_meta'
[1.047s] [34mcolcon.colcon_core.package_identification[0m [1;30mLevel 1[0m _identify(hello_world) by extensions ['ros']
[1.047s] [34mcolcon.colcon_core.package_identification[0m [1;30mLevel 1[0m _identify(hello_world) by extension 'ros'
[1.051s] [34mcolcon.colcon_core.package_identification[0m [1;30mDEBUG[0m [32mPackage 'hello_world' with type 'ros.ament_python' and name 'hello_world'[0m
[1.051s] [34mcolcon.colcon_core.package_identification[0m [1;30mLevel 1[0m _identify(install) by extensions ['ignore', 'ignore_ament_install']
[1.051s] [34mcolcon.colcon_core.package_identification[0m [1;30mLevel 1[0m _identify(install) by extension 'ignore'
[1.051s] [34mcolcon.colcon_core.package_identification[0m [1;30mLevel 1[0m _identify(install) ignored
[1.052s] [34mcolcon.colcon_core.package_identification[0m [1;30mLevel 1[0m _identify(keystroke_input) by extensions ['ignore', 'ignore_ament_install']
[1.052s] [34mcolcon.colcon_core.package_identification[0m [1;30mLevel 1[0m _identify(keystroke_input) by extension 'ignore'
[1.052s] [34mcolcon.colcon_core.package_identification[0m [1;30mLevel 1[0m _identify(keystroke_input) by extension 'ignore_ament_install'
[1.052s] [34mcolcon.colcon_core.package_identification[0m [1;30mLevel 1[0m _identify(keystroke_input) by extensions ['colcon_pkg']
[1.052s] [34mcolcon.colcon_core.package_identification[0m [1;30mLevel 1[0m _identify(keystroke_input) by extension 'colcon_pkg'
[1.052s] [34mcolcon.colcon_core.package_identification[0m [1;30mLevel 1[0m _identify(keystroke_input) by extensions ['colcon_meta']
[1.052s] [34mcolcon.colcon_core.package_identification[0m [1;30mLevel 1[0m _identify(keystroke_input) by extension 'colcon_meta'
[1.052s] [34mcolcon.colcon_core.package_identification[0m [1;30mLevel 1[0m _identify(keystroke_input) by extensions ['ros']
[1.052s] [34mcolcon.colcon_core.package_identification[0m [1;30mLevel 1[0m _identify(keystroke_input) by extension 'ros'
[1.053s] [34mcolcon.colcon_core.package_identification[0m [1;30mDEBUG[0m [32mPackage 'keystroke_input' with type 'ros.ament_python' and name 'keystroke_input'[0m
[1.053s] [34mcolcon.colcon_core.package_identification[0m [1;30mLevel 1[0m _identify(log) by extensions ['ignore', 'ignore_ament_install']
[1.054s] [34mcolcon.colcon_core.package_identification[0m [1;30mLevel 1[0m _identify(log) by extension 'ignore'
[1.054s] [34mcolcon.colcon_core.package_identification[0m [1;30mLevel 1[0m _identify(log) ignored
[1.054s] [34mcolcon.colcon_core.package_discovery[0m [1;30mLevel 1[0m discover_packages(recursive) using defaults
[1.054s] [34mcolcon.colcon_core.package_discovery[0m [1;30mLevel 1[0m discover_packages(ignore) discover
[1.054s] [34mcolcon.colcon_core.package_discovery[0m [1;30mLevel 1[0m discover_packages(ignore) using defaults
[1.054s] [34mcolcon.colcon_core.package_discovery[0m [1;30mLevel 1[0m discover_packages(path) discover
[1.054s] [34mcolcon.colcon_core.package_discovery[0m [1;30mLevel 1[0m discover_packages(path) using defaults
[1.130s] [34mcolcon.colcon_core.verb[0m [1;30mLevel 5[0m set package 'hello_world' build argument 'cmake_args' from command line to 'None'
[1.130s] [34mcolcon.colcon_core.verb[0m [1;30mLevel 5[0m set package 'hello_world' build argument 'cmake_target' from command line to 'None'
[1.130s] [34mcolcon.colcon_core.verb[0m [1;30mLevel 5[0m set package 'hello_world' build argument 'cmake_target_skip_unavailable' from command line to 'False'
[1.130s] [34mcolcon.colcon_core.verb[0m [1;30mLevel 5[0m set package 'hello_world' build argument 'cmake_clean_cache' from command line to 'False'
[1.130s] [34mcolcon.colcon_core.verb[0m [1;30mLevel 5[0m set package 'hello_world' build argument 'cmake_clean_first' from command line to 'False'
[1.130s] [34mcolcon.colcon_core.verb[0m [1;30mLevel 5[0m set package 'hello_world' build argument 'cmake_force_configure' from command line to 'False'
[1.130s] [34mcolcon.colcon_core.verb[0m [1;30mLevel 5[0m set package 'hello_world' build argument 'ament_cmake_args' from command line to 'None'
[1.130s] [34mcolcon.colcon_core.verb[0m [1;30mLevel 5[0m set package 'hello_world' build argument 'catkin_cmake_args' from command line to 'None'
[1.130s] [34mcolcon.colcon_core.verb[0m [1;30mLevel 5[0m set package 'hello_world' build argument 'catkin_skip_building_tests' from command line to 'False'
[1.130s] [34mcolcon.colcon_core.verb[0m [1;30mDEBUG[0m [32mBuilding package 'hello_world' with the following arguments: {'ament_cmake_args': None, 'build_base': '/Users/calvingott/experience_lab/experience-lab-data-F23/ros2/src/build/hello_world', 'catkin_cmake_args': None, 'catkin_skip_building_tests': False, 'cmake_args': None, 'cmake_clean_cache': False, 'cmake_clean_first': False, 'cmake_force_configure': False, 'cmake_target': None, 'cmake_target_skip_unavailable': False, 'install_base': '/Users/calvingott/experience_lab/experience-lab-data-F23/ros2/src/install/hello_world', 'merge_install': False, 'path': '/Users/calvingott/experience_lab/experience-lab-data-F23/ros2/src/hello_world', 'symlink_install': False, 'test_result_base': None}[0m
[1.144s] [34mcolcon.colcon_core.verb[0m [1;30mLevel 5[0m set package 'keystroke_input' build argument 'cmake_args' from command line to 'None'
[1.144s] [34mcolcon.colcon_core.verb[0m [1;30mLevel 5[0m set package 'keystroke_input' build argument 'cmake_target' from command line to 'None'
[1.144s] [34mcolcon.colcon_core.verb[0m [1;30mLevel 5[0m set package 'keystroke_input' build argument 'cmake_target_skip_unavailable' from command line to 'False'
[1.144s] [34mcolcon.colcon_core.verb[0m [1;30mLevel 5[0m set package 'keystroke_input' build argument 'cmake_clean_cache' from command line to 'False'
[1.144s] [34mcolcon.colcon_core.verb[0m [1;30mLevel 5[0m set package 'keystroke_input' build argument 'cmake_clean_first' from command line to 'False'
[1.144s] [34mcolcon.colcon_core.verb[0m [1;30mLevel 5[0m set package 'keystroke_input' build argument 'cmake_force_configure' from command line to 'False'
[1.144s] [34mcolcon.colcon_core.verb[0m [1;30mLevel 5[0m set package 'keystroke_input' build argument 'ament_cmake_args' from command line to 'None'
[1.144s] [34mcolcon.colcon_core.verb[0m [1;30mLevel 5[0m set package 'keystroke_input' build argument 'catkin_cmake_args' from command line to 'None'
[1.144s] [34mcolcon.colcon_core.verb[0m [1;30mLevel 5[0m set package 'keystroke_input' build argument 'catkin_skip_building_tests' from command line to 'False'
[1.144s] [34mcolcon.colcon_core.verb[0m [1;30mDEBUG[0m [32mBuilding package 'keystroke_input' with the following arguments: {'ament_cmake_args': None, 'build_base': '/Users/calvingott/experience_lab/experience-lab-data-F23/ros2/src/build/keystroke_input', 'catkin_cmake_args': None, 'catkin_skip_building_tests': False, 'cmake_args': None, 'cmake_clean_cache': False, 'cmake_clean_first': False, 'cmake_force_configure': False, 'cmake_target': None, 'cmake_target_skip_unavailable': False, 'install_base': '/Users/calvingott/experience_lab/experience-lab-data-F23/ros2/src/install/keystroke_input', 'merge_install': False, 'path': '/Users/calvingott/experience_lab/experience-lab-data-F23/ros2/src/keystroke_input', 'symlink_install': False, 'test_result_base': None}[0m
[1.148s] [34mcolcon.colcon_core.executor[0m [1;30mINFO[0m Executing jobs using 'parallel' executor
[1.165s] [34mcolcon.colcon_parallel_executor.executor.parallel[0m [1;30mDEBUG[0m [32mrun_until_complete[0m
[1.165s] [34mcolcon.colcon_ros.task.ament_python.build[0m [1;30mINFO[0m Building ROS package in '/Users/calvingott/experience_lab/experience-lab-data-F23/ros2/src/hello_world' with build type 'ament_python'
[1.166s] [34mcolcon.colcon_core.shell[0m [1;30mLevel 1[0m create_environment_hook('hello_world', 'ament_prefix_path')
[1.195s] [34mcolcon.colcon_core.plugin_system[0m [1;30mINFO[0m Skipping extension 'colcon_core.shell.bat': Not used on non-Windows systems
[1.195s] [34mcolcon.colcon_core.shell[0m [1;30mINFO[0m Creating environment hook '/Users/calvingott/experience_lab/experience-lab-data-F23/ros2/src/install/hello_world/share/hello_world/hook/ament_prefix_path.ps1'
[1.196s] [34mcolcon.colcon_core.shell[0m [1;30mINFO[0m Creating environment descriptor '/Users/calvingott/experience_lab/experience-lab-data-F23/ros2/src/install/hello_world/share/hello_world/hook/ament_prefix_path.dsv'
[1.197s] [34mcolcon.colcon_core.shell[0m [1;30mINFO[0m Creating environment hook '/Users/calvingott/experience_lab/experience-lab-data-F23/ros2/src/install/hello_world/share/hello_world/hook/ament_prefix_path.sh'
[1.208s] [34mcolcon.colcon_core.shell[0m [1;30mINFO[0m Skip shell extension 'powershell' for command environment: Not usable outside of PowerShell
[1.208s] [34mcolcon.colcon_core.shell[0m [1;30mDEBUG[0m [32mSkip shell extension 'dsv' for command environment[0m
[1.241s] [34mcolcon.colcon_ros.task.ament_python.build[0m [1;30mINFO[0m Building ROS package in '/Users/calvingott/experience_lab/experience-lab-data-F23/ros2/src/keystroke_input' with build type 'ament_python'
[1.242s] [34mcolcon.colcon_core.shell[0m [1;30mLevel 1[0m create_environment_hook('keystroke_input', 'ament_prefix_path')
[1.253s] [34mcolcon.colcon_core.shell[0m [1;30mINFO[0m Creating environment hook '/Users/calvingott/experience_lab/experience-lab-data-F23/ros2/src/install/keystroke_input/share/keystroke_input/hook/ament_prefix_path.ps1'
[1.255s] [34mcolcon.colcon_core.shell[0m [1;30mINFO[0m Creating environment descriptor '/Users/calvingott/experience_lab/experience-lab-data-F23/ros2/src/install/keystroke_input/share/keystroke_input/hook/ament_prefix_path.dsv'
[1.255s] [34mcolcon.colcon_core.shell[0m [1;30mINFO[0m Creating environment hook '/Users/calvingott/experience_lab/experience-lab-data-F23/ros2/src/install/keystroke_input/share/keystroke_input/hook/ament_prefix_path.sh'
[1.266s] [34mcolcon.colcon_core.shell[0m [1;30mINFO[0m Skip shell extension 'powershell' for command environment: Not usable outside of PowerShell
[1.266s] [34mcolcon.colcon_core.shell[0m [1;30mDEBUG[0m [32mSkip shell extension 'dsv' for command environment[0m
[1.788s] [34mcolcon.colcon_core.task.python.build[0m [1;30mINFO[0m Building Python package in '/Users/calvingott/experience_lab/experience-lab-data-F23/ros2/src/hello_world'
[1.798s] [34mcolcon.colcon_core.shell[0m [1;30mINFO[0m Skip shell extension 'powershell' for command environment: Not usable outside of PowerShell
[1.799s] [34mcolcon.colcon_core.shell[0m [1;30mDEBUG[0m [32mSkip shell extension 'dsv' for command environment[0m
[2.315s] [34mcolcon.colcon_core.task.python.build[0m [1;30mINFO[0m Building Python package in '/Users/calvingott/experience_lab/experience-lab-data-F23/ros2/src/keystroke_input'
[2.325s] [34mcolcon.colcon_core.shell[0m [1;30mINFO[0m Skip shell extension 'powershell' for command environment: Not usable outside of PowerShell
[2.325s] [34mcolcon.colcon_core.shell[0m [1;30mDEBUG[0m [32mSkip shell extension 'dsv' for command environment[0m
[3.047s] [34mcolcon.colcon_core.event_handler.log_command[0m [1;30mDEBUG[0m [32mInvoking command in '/Users/calvingott/experience_lab/experience-lab-data-F23/ros2/src/hello_world': CONDA_PROMPT_MODIFIER=(experience-lab) PYTHONPATH=/Users/calvingott/experience_lab/experience-lab-data-F23/ros2/src/build/hello_world/prefix_override:/Users/calvingott/experience_lab/experience-lab-data-F23/ros2/src/install/hello_world/lib/python3.10/site-packages:${PYTHONPATH} SHLVL=2 _=/usr/bin/env /usr/local/Caskroom/miniforge/base/envs/experience-lab/bin/python3.10 setup.py egg_info --egg-base ../build/hello_world build --build-base /Users/calvingott/experience_lab/experience-lab-data-F23/ros2/src/build/hello_world/build install --record /Users/calvingott/experience_lab/experience-lab-data-F23/ros2/src/build/hello_world/install.log --single-version-externally-managed[0m
[3.055s] [34mcolcon.colcon_core.event_handler.log_command[0m [1;30mDEBUG[0m [32mInvoking command in '/Users/calvingott/experience_lab/experience-lab-data-F23/ros2/src/keystroke_input': CONDA_PROMPT_MODIFIER=(experience-lab) PYTHONPATH=/Users/calvingott/experience_lab/experience-lab-data-F23/ros2/src/build/keystroke_input/prefix_override:/Users/calvingott/experience_lab/experience-lab-data-F23/ros2/src/install/keystroke_input/lib/python3.10/site-packages:${PYTHONPATH} SHLVL=2 _=/usr/bin/env /usr/local/Caskroom/miniforge/base/envs/experience-lab/bin/python3.10 setup.py egg_info --egg-base ../build/keystroke_input build --build-base /Users/calvingott/experience_lab/experience-lab-data-F23/ros2/src/build/keystroke_input/build install --record /Users/calvingott/experience_lab/experience-lab-data-F23/ros2/src/build/keystroke_input/install.log --single-version-externally-managed[0m
[3.779s] [34mcolcon.colcon_core.event_handler.log_command[0m [1;30mDEBUG[0m [32mInvoked command in '/Users/calvingott/experience_lab/experience-lab-data-F23/ros2/src/hello_world' returned '0': CONDA_PROMPT_MODIFIER=(experience-lab) PYTHONPATH=/Users/calvingott/experience_lab/experience-lab-data-F23/ros2/src/build/hello_world/prefix_override:/Users/calvingott/experience_lab/experience-lab-data-F23/ros2/src/install/hello_world/lib/python3.10/site-packages:${PYTHONPATH} SHLVL=2 _=/usr/bin/env /usr/local/Caskroom/miniforge/base/envs/experience-lab/bin/python3.10 setup.py egg_info --egg-base ../build/hello_world build --build-base /Users/calvingott/experience_lab/experience-lab-data-F23/ros2/src/build/hello_world/build install --record /Users/calvingott/experience_lab/experience-lab-data-F23/ros2/src/build/hello_world/install.log --single-version-externally-managed[0m
[3.806s] [34mcolcon.colcon_core.environment[0m [1;30mLevel 1[0m checking '/Users/calvingott/experience_lab/experience-lab-data-F23/ros2/src/install/hello_world' for CMake module files
[3.807s] [34mcolcon.colcon_core.environment[0m [1;30mLevel 1[0m checking '/Users/calvingott/experience_lab/experience-lab-data-F23/ros2/src/install/hello_world' for CMake config files
[3.810s] [34mcolcon.colcon_core.environment[0m [1;30mLevel 1[0m checking '/Users/calvingott/experience_lab/experience-lab-data-F23/ros2/src/install/hello_world/lib'
[3.811s] [34mcolcon.colcon_core.environment[0m [1;30mLevel 1[0m checking '/Users/calvingott/experience_lab/experience-lab-data-F23/ros2/src/install/hello_world/bin'
[3.811s] [34mcolcon.colcon_core.environment[0m [1;30mLevel 1[0m checking '/Users/calvingott/experience_lab/experience-lab-data-F23/ros2/src/install/hello_world/lib/pkgconfig/hello_world.pc'
[3.812s] [34mcolcon.colcon_core.environment[0m [1;30mLevel 1[0m checking '/Users/calvingott/experience_lab/experience-lab-data-F23/ros2/src/install/hello_world/lib/python3.10/site-packages'
[3.812s] [34mcolcon.colcon_core.shell[0m [1;30mLevel 1[0m create_environment_hook('hello_world', 'pythonpath')
[3.828s] [34mcolcon.colcon_core.shell[0m [1;30mINFO[0m Creating environment hook '/Users/calvingott/experience_lab/experience-lab-data-F23/ros2/src/install/hello_world/share/hello_world/hook/pythonpath.ps1'
[3.830s] [34mcolcon.colcon_core.shell[0m [1;30mINFO[0m Creating environment descriptor '/Users/calvingott/experience_lab/experience-lab-data-F23/ros2/src/install/hello_world/share/hello_world/hook/pythonpath.dsv'
[3.831s] [34mcolcon.colcon_core.shell[0m [1;30mINFO[0m Creating environment hook '/Users/calvingott/experience_lab/experience-lab-data-F23/ros2/src/install/hello_world/share/hello_world/hook/pythonpath.sh'
[3.833s] [34mcolcon.colcon_core.environment[0m [1;30mLevel 1[0m checking '/Users/calvingott/experience_lab/experience-lab-data-F23/ros2/src/install/hello_world/bin'
[3.833s] [34mcolcon.colcon_core.environment[0m [1;30mLevel 1[0m create_environment_scripts_only(hello_world)
[3.847s] [34mcolcon.colcon_core.shell[0m [1;30mINFO[0m Creating package script '/Users/calvingott/experience_lab/experience-lab-data-F23/ros2/src/install/hello_world/share/hello_world/package.ps1'
[3.848s] [34mcolcon.colcon_core.shell[0m [1;30mINFO[0m Creating package descriptor '/Users/calvingott/experience_lab/experience-lab-data-F23/ros2/src/install/hello_world/share/hello_world/package.dsv'
[3.849s] [34mcolcon.colcon_core.shell[0m [1;30mINFO[0m Creating package script '/Users/calvingott/experience_lab/experience-lab-data-F23/ros2/src/install/hello_world/share/hello_world/package.sh'
[3.851s] [34mcolcon.colcon_core.shell[0m [1;30mINFO[0m Creating package script '/Users/calvingott/experience_lab/experience-lab-data-F23/ros2/src/install/hello_world/share/hello_world/package.bash'
[3.852s] [34mcolcon.colcon_core.shell[0m [1;30mINFO[0m Creating package script '/Users/calvingott/experience_lab/experience-lab-data-F23/ros2/src/install/hello_world/share/hello_world/package.zsh'
[3.854s] [34mcolcon.colcon_core.environment[0m [1;30mLevel 1[0m create_file_with_runtime_dependencies(/Users/calvingott/experience_lab/experience-lab-data-F23/ros2/src/install/hello_world/share/colcon-core/packages/hello_world)
[3.870s] [34mcolcon.colcon_core.environment[0m [1;30mLevel 1[0m checking '/Users/calvingott/experience_lab/experience-lab-data-F23/ros2/src/install/keystroke_input' for CMake module files
[3.872s] [34mcolcon.colcon_core.event_handler.log_command[0m [1;30mDEBUG[0m [32mInvoked command in '/Users/calvingott/experience_lab/experience-lab-data-F23/ros2/src/keystroke_input' returned '0': CONDA_PROMPT_MODIFIER=(experience-lab) PYTHONPATH=/Users/calvingott/experience_lab/experience-lab-data-F23/ros2/src/build/keystroke_input/prefix_override:/Users/calvingott/experience_lab/experience-lab-data-F23/ros2/src/install/keystroke_input/lib/python3.10/site-packages:${PYTHONPATH} SHLVL=2 _=/usr/bin/env /usr/local/Caskroom/miniforge/base/envs/experience-lab/bin/python3.10 setup.py egg_info --egg-base ../build/keystroke_input build --build-base /Users/calvingott/experience_lab/experience-lab-data-F23/ros2/src/build/keystroke_input/build install --record /Users/calvingott/experience_lab/experience-lab-data-F23/ros2/src/build/keystroke_input/install.log --single-version-externally-managed[0m
[3.873s] [34mcolcon.colcon_core.environment[0m [1;30mLevel 1[0m checking '/Users/calvingott/experience_lab/experience-lab-data-F23/ros2/src/install/keystroke_input' for CMake config files
[3.875s] [34mcolcon.colcon_core.environment[0m [1;30mLevel 1[0m checking '/Users/calvingott/experience_lab/experience-lab-data-F23/ros2/src/install/keystroke_input/lib'
[3.876s] [34mcolcon.colcon_core.environment[0m [1;30mLevel 1[0m checking '/Users/calvingott/experience_lab/experience-lab-data-F23/ros2/src/install/keystroke_input/bin'
[3.876s] [34mcolcon.colcon_core.environment[0m [1;30mLevel 1[0m checking '/Users/calvingott/experience_lab/experience-lab-data-F23/ros2/src/install/keystroke_input/lib/pkgconfig/keystroke_input.pc'
[3.876s] [34mcolcon.colcon_core.environment[0m [1;30mLevel 1[0m checking '/Users/calvingott/experience_lab/experience-lab-data-F23/ros2/src/install/keystroke_input/lib/python3.10/site-packages'
[3.877s] [34mcolcon.colcon_core.shell[0m [1;30mLevel 1[0m create_environment_hook('keystroke_input', 'pythonpath')
[3.891s] [34mcolcon.colcon_core.shell[0m [1;30mINFO[0m Creating environment hook '/Users/calvingott/experience_lab/experience-lab-data-F23/ros2/src/install/keystroke_input/share/keystroke_input/hook/pythonpath.ps1'
[3.892s] [34mcolcon.colcon_core.shell[0m [1;30mINFO[0m Creating environment descriptor '/Users/calvingott/experience_lab/experience-lab-data-F23/ros2/src/install/keystroke_input/share/keystroke_input/hook/pythonpath.dsv'
[3.893s] [34mcolcon.colcon_core.shell[0m [1;30mINFO[0m Creating environment hook '/Users/calvingott/experience_lab/experience-lab-data-F23/ros2/src/install/keystroke_input/share/keystroke_input/hook/pythonpath.sh'
[3.894s] [34mcolcon.colcon_core.environment[0m [1;30mLevel 1[0m checking '/Users/calvingott/experience_lab/experience-lab-data-F23/ros2/src/install/keystroke_input/bin'
[3.894s] [34mcolcon.colcon_core.environment[0m [1;30mLevel 1[0m create_environment_scripts_only(keystroke_input)
[3.904s] [34mcolcon.colcon_core.shell[0m [1;30mINFO[0m Creating package script '/Users/calvingott/experience_lab/experience-lab-data-F23/ros2/src/install/keystroke_input/share/keystroke_input/package.ps1'
[3.905s] [34mcolcon.colcon_core.shell[0m [1;30mINFO[0m Creating package descriptor '/Users/calvingott/experience_lab/experience-lab-data-F23/ros2/src/install/keystroke_input/share/keystroke_input/package.dsv'
[3.906s] [34mcolcon.colcon_core.shell[0m [1;30mINFO[0m Creating package script '/Users/calvingott/experience_lab/experience-lab-data-F23/ros2/src/install/keystroke_input/share/keystroke_input/package.sh'
[3.907s] [34mcolcon.colcon_core.shell[0m [1;30mINFO[0m Creating package script '/Users/calvingott/experience_lab/experience-lab-data-F23/ros2/src/install/keystroke_input/share/keystroke_input/package.bash'
[3.908s] [34mcolcon.colcon_core.shell[0m [1;30mINFO[0m Creating package script '/Users/calvingott/experience_lab/experience-lab-data-F23/ros2/src/install/keystroke_input/share/keystroke_input/package.zsh'
[3.910s] [34mcolcon.colcon_core.environment[0m [1;30mLevel 1[0m create_file_with_runtime_dependencies(/Users/calvingott/experience_lab/experience-lab-data-F23/ros2/src/install/keystroke_input/share/colcon-core/packages/keystroke_input)
[3.911s] [34mcolcon.colcon_parallel_executor.executor.parallel[0m [1;30mDEBUG[0m [32mclosing loop[0m
[3.912s] [34mcolcon.colcon_parallel_executor.executor.parallel[0m [1;30mDEBUG[0m [32mloop closed[0m
[3.912s] [34mcolcon.colcon_parallel_executor.executor.parallel[0m [1;30mDEBUG[0m [32mrun_until_complete finished with '0'[0m
[3.912s] [34mcolcon.colcon_core.event_reactor[0m [1;30mDEBUG[0m [32mjoining thread[0m
[3.914s] [34mcolcon.colcon_core.event_reactor[0m [1;30mDEBUG[0m [32mjoined thread[0m
[3.929s] [34mcolcon.colcon_core.shell[0m [1;30mINFO[0m Creating prefix script '/Users/calvingott/experience_lab/experience-lab-data-F23/ros2/src/install/local_setup.ps1'
[3.932s] [34mcolcon.colcon_core.shell[0m [1;30mINFO[0m Creating prefix util module '/Users/calvingott/experience_lab/experience-lab-data-F23/ros2/src/install/_local_setup_util_ps1.py'
[3.936s] [34mcolcon.colcon_core.shell[0m [1;30mINFO[0m Creating prefix chain script '/Users/calvingott/experience_lab/experience-lab-data-F23/ros2/src/install/setup.ps1'
[3.952s] [34mcolcon.colcon_core.shell[0m [1;30mINFO[0m Creating prefix script '/Users/calvingott/experience_lab/experience-lab-data-F23/ros2/src/install/local_setup.sh'
[3.954s] [34mcolcon.colcon_core.shell[0m [1;30mINFO[0m Creating prefix util module '/Users/calvingott/experience_lab/experience-lab-data-F23/ros2/src/install/_local_setup_util_sh.py'
[3.956s] [34mcolcon.colcon_core.shell[0m [1;30mINFO[0m Creating prefix chain script '/Users/calvingott/experience_lab/experience-lab-data-F23/ros2/src/install/setup.sh'
[3.972s] [34mcolcon.colcon_core.shell[0m [1;30mINFO[0m Creating prefix script '/Users/calvingott/experience_lab/experience-lab-data-F23/ros2/src/install/local_setup.bash'
[3.973s] [34mcolcon.colcon_core.shell[0m [1;30mINFO[0m Creating prefix chain script '/Users/calvingott/experience_lab/experience-lab-data-F23/ros2/src/install/setup.bash'
[3.986s] [34mcolcon.colcon_core.shell[0m [1;30mINFO[0m Creating prefix script '/Users/calvingott/experience_lab/experience-lab-data-F23/ros2/src/install/local_setup.zsh'
[3.987s] [34mcolcon.colcon_core.shell[0m [1;30mINFO[0m Creating prefix chain script '/Users/calvingott/experience_lab/experience-lab-data-F23/ros2/src/install/setup.zsh'
