[1.877s] Invoking command in '/Users/calvingott/experience_lab/experience-lab-data-F23/ros2/src/hello_world': CONDA_PROMPT_MODIFIER=(experience-lab) PYTHONPATH=/Users/calvingott/experience_lab/experience-lab-data-F23/ros2/build/hello_world/prefix_override:/Users/calvingott/experience_lab/experience-lab-data-F23/ros2/install/hello_world/lib/python3.10/site-packages:${PYTHONPATH} SHLVL=2 _=/usr/bin/env /usr/local/Caskroom/miniforge/base/envs/experience-lab/bin/python3.10 setup.py egg_info --egg-base ../../build/hello_world build --build-base /Users/calvingott/experience_lab/experience-lab-data-F23/ros2/build/hello_world/build install --record /Users/calvingott/experience_lab/experience-lab-data-F23/ros2/build/hello_world/install.log --single-version-externally-managed
[2.384s] running egg_info
[2.385s] writing ../../build/hello_world/hello_world.egg-info/PKG-INFO
[2.386s] writing dependency_links to ../../build/hello_world/hello_world.egg-info/dependency_links.txt
[2.386s] writing entry points to ../../build/hello_world/hello_world.egg-info/entry_points.txt
[2.386s] writing requirements to ../../build/hello_world/hello_world.egg-info/requires.txt
[2.387s] writing top-level names to ../../build/hello_world/hello_world.egg-info/top_level.txt
[2.390s] reading manifest file '../../build/hello_world/hello_world.egg-info/SOURCES.txt'
[2.393s] writing manifest file '../../build/hello_world/hello_world.egg-info/SOURCES.txt'
[2.393s] running build
[2.394s] running build_py
[2.395s] running install
[2.395s] running install_lib
[2.398s] running install_data
[2.400s] running install_egg_info
[2.405s] removing '/Users/calvingott/experience_lab/experience-lab-data-F23/ros2/install/hello_world/lib/python3.10/site-packages/hello_world-0.0.0-py3.10.egg-info' (and everything under it)
[2.407s] Copying ../../build/hello_world/hello_world.egg-info to /Users/calvingott/experience_lab/experience-lab-data-F23/ros2/install/hello_world/lib/python3.10/site-packages/hello_world-0.0.0-py3.10.egg-info
[2.415s] running install_scripts
[2.478s] Installing test_node script to /Users/calvingott/experience_lab/experience-lab-data-F23/ros2/install/hello_world/lib/hello_world
[2.479s] writing list of installed files to '/Users/calvingott/experience_lab/experience-lab-data-F23/ros2/build/hello_world/install.log'
[2.557s] Invoked command in '/Users/calvingott/experience_lab/experience-lab-data-F23/ros2/src/hello_world' returned '0': CONDA_PROMPT_MODIFIER=(experience-lab) PYTHONPATH=/Users/calvingott/experience_lab/experience-lab-data-F23/ros2/build/hello_world/prefix_override:/Users/calvingott/experience_lab/experience-lab-data-F23/ros2/install/hello_world/lib/python3.10/site-packages:${PYTHONPATH} SHLVL=2 _=/usr/bin/env /usr/local/Caskroom/miniforge/base/envs/experience-lab/bin/python3.10 setup.py egg_info --egg-base ../../build/hello_world build --build-base /Users/calvingott/experience_lab/experience-lab-data-F23/ros2/build/hello_world/build install --record /Users/calvingott/experience_lab/experience-lab-data-F23/ros2/build/hello_world/install.log --single-version-externally-managed
